2025-03-05T08:35:54.775Z  INFO 1 --- [backend] [main] c.bookmile.backend.BackendApplication    : Starting BackendApplication v0.0.1-SNAPSHOT using Java 21 with PID 1 (/app.jar started by root in /)
2025-03-05T08:35:55.118Z  INFO 1 --- [backend] [main] c.bookmile.backend.BackendApplication    : The following 1 profile is active: "oauth"
2025-03-05T08:36:24.813Z  INFO 1 --- [backend] [main] .s.d.r.c.RepositoryConfigurationDelegate : Multiple Spring Data modules found, entering strict repository configuration mode
2025-03-05T08:36:24.897Z  INFO 1 --- [backend] [main] .s.d.r.c.RepositoryConfigurationDelegate : Bootstrapping Spring Data JPA repositories in DEFAULT mode.
2025-03-05T08:36:25.417Z  INFO 1 --- [backend] [main] .RepositoryConfigurationExtensionSupport : Spring Data JPA - Could not safely identify store assignment for repository candidate interface com.bookmile.backend.global.redis.RefreshTokenRepository; If you want this repository to be a JPA repository, consider annotating your entities with one of these annotations: jakarta.persistence.Entity, jakarta.persistence.MappedSuperclass (preferred), or consider extending one of the following types with your repository: org.springframework.data.jpa.repository.JpaRepository
2025-03-05T08:36:29.624Z  INFO 1 --- [backend] [main] .s.d.r.c.RepositoryConfigurationDelegate : Finished Spring Data repository scanning in 4603 ms. Found 11 JPA repository interfaces.
2025-03-05T08:36:30.173Z  INFO 1 --- [backend] [main] .s.d.r.c.RepositoryConfigurationDelegate : Multiple Spring Data modules found, entering strict repository configuration mode
2025-03-05T08:36:30.206Z  INFO 1 --- [backend] [main] .s.d.r.c.RepositoryConfigurationDelegate : Bootstrapping Spring Data Redis repositories in DEFAULT mode.
2025-03-05T08:36:30.657Z  INFO 1 --- [backend] [main] .RepositoryConfigurationExtensionSupport : Spring Data Redis - Could not safely identify store assignment for repository candidate interface com.bookmile.backend.domain.group.repository.GroupRepository; If you want this repository to be a Redis repository, consider annotating your entities with one of these annotations: org.springframework.data.redis.core.RedisHash (preferred), or consider extending one of the following types with your repository: org.springframework.data.keyvalue.repository.KeyValueRepository
2025-03-05T08:36:30.718Z  INFO 1 --- [backend] [main] .RepositoryConfigurationExtensionSupport : Spring Data Redis - Could not safely identify store assignment for repository candidate interface com.bookmile.backend.domain.review.repository.ReviewRepository; If you want this repository to be a Redis repository, consider annotating your entities with one of these annotations: org.springframework.data.redis.core.RedisHash (preferred), or consider extending one of the following types with your repository: org.springframework.data.keyvalue.repository.KeyValueRepository
2025-03-05T08:36:30.754Z  INFO 1 --- [backend] [main] .RepositoryConfigurationExtensionSupport : Spring Data Redis - Could not safely identify store assignment for repository candidate interface com.bookmile.backend.domain.review.service.ReviewBookRepository; If you want this repository to be a Redis repository, consider annotating your entities with one of these annotations: org.springframework.data.redis.core.RedisHash (preferred), or consider extending one of the following types with your repository: org.springframework.data.keyvalue.repository.KeyValueRepository
2025-03-05T08:36:30.798Z  INFO 1 --- [backend] [main] .RepositoryConfigurationExtensionSupport : Spring Data Redis - Could not safely identify store assignment for repository candidate interface com.bookmile.backend.domain.book.repository.BookRepository; If you want this repository to be a Redis repository, consider annotating your entities with one of these annotations: org.springframework.data.redis.core.RedisHash (preferred), or consider extending one of the following types with your repository: org.springframework.data.keyvalue.repository.KeyValueRepository
2025-03-05T08:36:30.832Z  INFO 1 --- [backend] [main] .RepositoryConfigurationExtensionSupport : Spring Data Redis - Could not safely identify store assignment for repository candidate interface com.bookmile.backend.domain.record.repository.RecordRepository; If you want this repository to be a Redis repository, consider annotating your entities with one of these annotations: org.springframework.data.redis.core.RedisHash (preferred), or consider extending one of the following types with your repository: org.springframework.data.keyvalue.repository.KeyValueRepository
2025-03-05T08:36:30.853Z  INFO 1 --- [backend] [main] .RepositoryConfigurationExtensionSupport : Spring Data Redis - Could not safely identify store assignment for repository candidate interface com.bookmile.backend.domain.record.service.RecordGroupRepository; If you want this repository to be a Redis repository, consider annotating your entities with one of these annotations: org.springframework.data.redis.core.RedisHash (preferred), or consider extending one of the following types with your repository: org.springframework.data.keyvalue.repository.KeyValueRepository
2025-03-05T08:36:30.874Z  INFO 1 --- [backend] [main] .RepositoryConfigurationExtensionSupport : Spring Data Redis - Could not safely identify store assignment for repository candidate interface com.bookmile.backend.domain.user.repository.UserOAuthRepository; If you want this repository to be a Redis repository, consider annotating your entities with one of these annotations: org.springframework.data.redis.core.RedisHash (preferred), or consider extending one of the following types with your repository: org.springframework.data.keyvalue.repository.KeyValueRepository
2025-03-05T08:36:30.901Z  INFO 1 --- [backend] [main] .RepositoryConfigurationExtensionSupport : Spring Data Redis - Could not safely identify store assignment for repository candidate interface com.bookmile.backend.domain.user.repository.UserRepository; If you want this repository to be a Redis repository, consider annotating your entities with one of these annotations: org.springframework.data.redis.core.RedisHash (preferred), or consider extending one of the following types with your repository: org.springframework.data.keyvalue.repository.KeyValueRepository
2025-03-05T08:36:30.947Z  INFO 1 --- [backend] [main] .RepositoryConfigurationExtensionSupport : Spring Data Redis - Could not safely identify store assignment for repository candidate interface com.bookmile.backend.domain.image.repository.ImageRepository; If you want this repository to be a Redis repository, consider annotating your entities with one of these annotations: org.springframework.data.redis.core.RedisHash (preferred), or consider extending one of the following types with your repository: org.springframework.data.keyvalue.repository.KeyValueRepository
2025-03-05T08:36:30.952Z  INFO 1 --- [backend] [main] .RepositoryConfigurationExtensionSupport : Spring Data Redis - Could not safely identify store assignment for repository candidate interface com.bookmile.backend.domain.userGroup.repository.UserGroupRepository; If you want this repository to be a Redis repository, consider annotating your entities with one of these annotations: org.springframework.data.redis.core.RedisHash (preferred), or consider extending one of the following types with your repository: org.springframework.data.keyvalue.repository.KeyValueRepository
2025-03-05T08:36:30.968Z  INFO 1 --- [backend] [main] .RepositoryConfigurationExtensionSupport : Spring Data Redis - Could not safely identify store assignment for repository candidate interface com.bookmile.backend.domain.template.repository.TemplateRepository; If you want this repository to be a Redis repository, consider annotating your entities with one of these annotations: org.springframework.data.redis.core.RedisHash (preferred), or consider extending one of the following types with your repository: org.springframework.data.keyvalue.repository.KeyValueRepository
2025-03-05T08:36:31.110Z  INFO 1 --- [backend] [main] .s.d.r.c.RepositoryConfigurationDelegate : Finished Spring Data repository scanning in 609 ms. Found 1 Redis repository interface.
2025-03-05T08:36:54.490Z  INFO 1 --- [backend] [main] o.s.b.w.embedded.tomcat.TomcatWebServer  : Tomcat initialized with port 8080 (http)
2025-03-05T08:36:54.833Z  INFO 1 --- [backend] [main] o.apache.catalina.core.StandardService   : Starting service [Tomcat]
2025-03-05T08:36:54.839Z  INFO 1 --- [backend] [main] o.apache.catalina.core.StandardEngine    : Starting Servlet engine: [Apache Tomcat/10.1.31]
2025-03-05T08:36:55.446Z  INFO 1 --- [backend] [main] o.a.c.c.C.[Tomcat].[localhost].[/]       : Initializing Spring embedded WebApplicationContext
2025-03-05T08:36:55.463Z  INFO 1 --- [backend] [main] w.s.c.ServletWebServerApplicationContext : Root WebApplicationContext: initialization completed in 59322 ms
2025-03-05T08:37:03.641Z  INFO 1 --- [backend] [main] o.hibernate.jpa.internal.util.LogHelper  : HHH000204: Processing PersistenceUnitInfo [name: default]
2025-03-05T08:37:05.075Z  INFO 1 --- [backend] [main] org.hibernate.Version                    : HHH000412: Hibernate ORM core version 6.5.3.Final
2025-03-05T08:37:06.522Z  INFO 1 --- [backend] [main] o.h.c.internal.RegionFactoryInitiator    : HHH000026: Second-level cache disabled
2025-03-05T08:37:12.447Z  INFO 1 --- [backend] [main] o.s.o.j.p.SpringPersistenceUnitInfo      : No LoadTimeWeaver setup: ignoring JPA class transformer
2025-03-05T08:37:13.031Z  INFO 1 --- [backend] [main] com.zaxxer.hikari.HikariDataSource       : HikariPool-1 - Starting...
2025-03-05T08:37:17.896Z  INFO 1 --- [backend] [main] com.zaxxer.hikari.pool.HikariPool        : HikariPool-1 - Added connection com.mysql.cj.jdbc.ConnectionImpl@7a364e1c
2025-03-05T08:37:17.916Z  INFO 1 --- [backend] [main] com.zaxxer.hikari.HikariDataSource       : HikariPool-1 - Start completed.
2025-03-05T08:37:18.584Z  WARN 1 --- [backend] [main] org.hibernate.orm.deprecation            : HHH90000025: MySQL8Dialect does not need to be specified explicitly using 'hibernate.dialect' (remove the property setting and it will be selected by default)
2025-03-05T08:37:18.604Z  WARN 1 --- [backend] [main] org.hibernate.orm.deprecation            : HHH90000026: MySQL8Dialect has been deprecated; use org.hibernate.dialect.MySQLDialect instead
2025-03-05T08:37:19.008Z DEBUG 1 --- [backend] [main] o.h.t.d.sql.spi.DdlTypeRegistry          : addDescriptor(12, org.hibernate.type.descriptor.sql.internal.CapacityDependentDdlType@1791396b) replaced previous registration(org.hibernate.type.descriptor.sql.internal.CapacityDependentDdlType@28d7bd6b)
2025-03-05T08:37:19.036Z DEBUG 1 --- [backend] [main] o.h.t.d.sql.spi.DdlTypeRegistry          : addDescriptor(-9, org.hibernate.type.descriptor.sql.internal.CapacityDependentDdlType@7607340f) replaced previous registration(org.hibernate.type.descriptor.sql.internal.CapacityDependentDdlType@f472245)
2025-03-05T08:37:19.066Z DEBUG 1 --- [backend] [main] o.h.t.d.sql.spi.DdlTypeRegistry          : addDescriptor(-3, org.hibernate.type.descriptor.sql.internal.CapacityDependentDdlType@110318a7) replaced previous registration(org.hibernate.type.descriptor.sql.internal.CapacityDependentDdlType@42ac309)
2025-03-05T08:37:19.082Z DEBUG 1 --- [backend] [main] o.h.t.d.sql.spi.DdlTypeRegistry          : addDescriptor(4003, org.hibernate.type.descriptor.sql.internal.DdlTypeImpl@4b4228cf) replaced previous registration(org.hibernate.type.descriptor.sql.internal.DdlTypeImpl@7d216ee8)
2025-03-05T08:37:19.093Z DEBUG 1 --- [backend] [main] o.h.t.d.sql.spi.DdlTypeRegistry          : addDescriptor(4001, org.hibernate.type.descriptor.sql.internal.DdlTypeImpl@74ee97cb) replaced previous registration(org.hibernate.type.descriptor.sql.internal.DdlTypeImpl@268e30d4)
2025-03-05T08:37:19.110Z DEBUG 1 --- [backend] [main] o.h.t.d.sql.spi.DdlTypeRegistry          : addDescriptor(4002, org.hibernate.type.descriptor.sql.internal.DdlTypeImpl@7c50709a) replaced previous registration(org.hibernate.type.descriptor.sql.internal.DdlTypeImpl@af007d6)
2025-03-05T08:37:19.141Z DEBUG 1 --- [backend] [main] o.h.t.d.sql.spi.DdlTypeRegistry          : addDescriptor(2004, org.hibernate.type.descriptor.sql.internal.CapacityDependentDdlType@a20898c) replaced previous registration(org.hibernate.type.descriptor.sql.internal.DdlTypeImpl@5dff108c)
2025-03-05T08:37:19.158Z DEBUG 1 --- [backend] [main] o.h.t.d.sql.spi.DdlTypeRegistry          : addDescriptor(2005, org.hibernate.type.descriptor.sql.internal.CapacityDependentDdlType@22d47f09) replaced previous registration(org.hibernate.type.descriptor.sql.internal.DdlTypeImpl@28100232)
2025-03-05T08:37:19.173Z DEBUG 1 --- [backend] [main] o.h.t.d.sql.spi.DdlTypeRegistry          : addDescriptor(2011, org.hibernate.type.descriptor.sql.internal.CapacityDependentDdlType@26728255) replaced previous registration(org.hibernate.type.descriptor.sql.internal.DdlTypeImpl@32c8d67)
2025-03-05T08:37:38.775Z  INFO 1 --- [backend] [main] o.h.e.t.j.p.i.JtaPlatformInitiator       : HHH000489: No JTA platform available (set 'hibernate.transaction.jta.platform' to enable JTA platform integration)
2025-03-05T08:37:40.426Z  INFO 1 --- [backend] [main] j.LocalContainerEntityManagerFactoryBean : Initialized JPA EntityManagerFactory for persistence unit 'default'
2025-03-05T08:37:44.947Z  INFO 1 --- [backend] [main] o.s.d.j.r.query.QueryEnhancerFactory     : Hibernate is in classpath; If applicable, HQL parser will be used.
2025-03-05T08:37:54.182Z  INFO 1 --- [backend] [main] c.b.b.global.oauth.OAuth2UnlinkService   : kakao admin-key : f7827e5bb4a42fd97f6226837a0fa99e
2025-03-05T08:38:19.249Z  WARN 1 --- [backend] [main] JpaBaseConfiguration$JpaWebConfiguration : spring.jpa.open-in-view is enabled by default. Therefore, database queries may be performed during view rendering. Explicitly configure spring.jpa.open-in-view to disable this warning
2025-03-05T08:38:19.708Z  INFO 1 --- [backend] [main] r$InitializeUserDetailsManagerConfigurer : Global AuthenticationManager configured with UserDetailsService bean with name customUserDetailsService
2025-03-05T08:38:27.452Z  INFO 1 --- [backend] [main] o.s.b.a.e.web.EndpointLinksResolver      : Exposing 4 endpoints beneath base path '/actuator'
2025-03-05T08:38:28.902Z  WARN 1 --- [backend] [main] o.s.s.c.a.web.builders.WebSecurity       : You are asking Spring Security to ignore Deferred [Mvc [pattern='/swagger-ui/**'], Ant [pattern='/swagger-ui/**']]. This is not recommended -- please use permitAll via HttpSecurity#authorizeHttpRequests instead.
2025-03-05T08:38:28.912Z  WARN 1 --- [backend] [main] o.s.s.c.a.web.builders.WebSecurity       : You are asking Spring Security to ignore Deferred [Mvc [pattern='/v3/api-docs/**'], Ant [pattern='/v3/api-docs/**']]. This is not recommended -- please use permitAll via HttpSecurity#authorizeHttpRequests instead.
2025-03-05T08:38:28.930Z  WARN 1 --- [backend] [main] o.s.s.c.a.web.builders.WebSecurity       : You are asking Spring Security to ignore Deferred [Mvc [pattern='/error'], Ant [pattern='/error']]. This is not recommended -- please use permitAll via HttpSecurity#authorizeHttpRequests instead.
2025-03-05T08:38:28.933Z  WARN 1 --- [backend] [main] o.s.s.c.a.web.builders.WebSecurity       : You are asking Spring Security to ignore Deferred [Mvc [pattern='/favicon.ico'], Ant [pattern='/favicon.ico']]. This is not recommended -- please use permitAll via HttpSecurity#authorizeHttpRequests instead.
2025-03-05T08:38:37.438Z  INFO 1 --- [backend] [main] o.s.b.w.embedded.tomcat.TomcatWebServer  : Tomcat started on port 8080 (http) with context path '/'
2025-03-05T08:38:37.611Z  INFO 1 --- [backend] [main] c.bookmile.backend.BackendApplication    : Started BackendApplication in 170.104 seconds (process running for 180.923)
2025-03-05T08:38:50.825Z  INFO 1 --- [backend] [http-nio-8080-exec-1] o.a.c.c.C.[Tomcat].[localhost].[/]       : Initializing Spring DispatcherServlet 'dispatcherServlet'
2025-03-05T08:38:50.827Z  INFO 1 --- [backend] [http-nio-8080-exec-1] o.s.web.servlet.DispatcherServlet        : Initializing Servlet 'dispatcherServlet'
2025-03-05T08:38:50.859Z  INFO 1 --- [backend] [http-nio-8080-exec-1] o.s.web.servlet.DispatcherServlet        : Completed initialization in 19 ms
2025-03-05T08:41:04.715Z  INFO 1 --- [backend] [http-nio-8080-exec-9] o.springdoc.api.AbstractOpenApiResource  : Init duration for springdoc-openapi is: 6419 ms
2025-03-05T08:42:18.050Z  INFO 1 --- [backend] [http-nio-8080-exec-10] c.b.backend.global.jwt.JwtTokenProvider  : JwtTokenProvider.resolveToken: 토큰 분리 eyJhbGciOiJIUzI1NiJ9.eyJzdWIiOiJ1c2VyQGV4YW1wbGUuY29tIiwidHlwZSI6ImFjY2Vzc1Rva2VuIiwidXNlcklkIjoxLCJyb2xlIjoiVVNFUiIsImlhdCI6MTc0MTE2NDEwOCwiZXhwIjoxNzQxMTY3NzA4fQ.p-vlGsayKS-7xralSP3FuVggs00pFZR6udgMkiaF2b0
2025-03-05T08:42:18.140Z  INFO 1 --- [backend] [http-nio-8080-exec-10] c.b.backend.global.jwt.JwtTokenProvider  : JwtTokenProvider.parseClaims: 토큰 검증 완료, 파싱 클레임 - {sub=user@example.com, type=accessToken, userId=1, role=USER, iat=1741164108, exp=1741167708}
2025-03-05T08:42:18.156Z  INFO 1 --- [backend] [http-nio-8080-exec-10] c.b.backend.global.jwt.JwtTokenProvider  : JwtTokenProvider.parseClaims: 토큰 검증 완료, 파싱 클레임 - {sub=user@example.com, type=accessToken, userId=1, role=USER, iat=1741164108, exp=1741167708}
2025-03-05T08:42:18.161Z  INFO 1 --- [backend] [http-nio-8080-exec-10] c.b.backend.global.jwt.JwtTokenProvider  : JwtTokenProvider.getUserEmail: 토큰 기반 회원 구별 정보(email) 추출 완료 - user@example.com
2025-03-05T08:42:18.175Z  INFO 1 --- [backend] [http-nio-8080-exec-10] c.b.b.g.jwt.CustomUserDetailsService     : UserDetailsService.loadUserByUsername: username - user@example.com
2025-03-05T08:42:18.399Z  INFO 1 --- [backend] [http-nio-8080-exec-10] c.b.b.g.jwt.CustomUserDetailsService     : UserDetailsService.loadUserByUsername: username - user@example.com
2025-03-05T08:42:18.409Z  INFO 1 --- [backend] [http-nio-8080-exec-10] c.b.backend.global.jwt.JwtTokenProvider  : JwtTokenProvider.getAuthentication:  userDetails 가져옴 - user@example.com
2025-03-05T08:42:18.415Z  INFO 1 --- [backend] [http-nio-8080-exec-10] c.b.backend.global.jwt.JwtTokenProvider  : JwtTokenProvider.resolveToken: 토큰 분리 eyJhbGciOiJIUzI1NiJ9.eyJzdWIiOiJ1c2VyQGV4YW1wbGUuY29tIiwidHlwZSI6ImFjY2Vzc1Rva2VuIiwidXNlcklkIjoxLCJyb2xlIjoiVVNFUiIsImlhdCI6MTc0MTE2NDEwOCwiZXhwIjoxNzQxMTY3NzA4fQ.p-vlGsayKS-7xralSP3FuVggs00pFZR6udgMkiaF2b0
2025-03-05T08:42:18.431Z  INFO 1 --- [backend] [http-nio-8080-exec-10] c.b.backend.global.jwt.JwtTokenProvider  : JwtTokenProvider.parseClaims: 토큰 검증 완료, 파싱 클레임 - {sub=user@example.com, type=accessToken, userId=1, role=USER, iat=1741164108, exp=1741167708}
2025-03-05T08:42:18.442Z  INFO 1 --- [backend] [http-nio-8080-exec-10] c.b.backend.global.jwt.JwtTokenProvider  : JwtTokenProvider.parseClaims: 토큰 검증 완료, 파싱 클레임 - {sub=user@example.com, type=accessToken, userId=1, role=USER, iat=1741164108, exp=1741167708}
2025-03-05T08:42:18.450Z  INFO 1 --- [backend] [http-nio-8080-exec-10] c.b.backend.global.jwt.JwtTokenProvider  : JwtTokenProvider.getUserEmail: 토큰 기반 회원 구별 정보(email) 추출 완료 - user@example.com
2025-03-05T08:42:18.451Z  INFO 1 --- [backend] [http-nio-8080-exec-10] c.b.b.g.jwt.CustomUserDetailsService     : UserDetailsService.loadUserByUsername: username - user@example.com
2025-03-05T08:42:18.475Z  INFO 1 --- [backend] [http-nio-8080-exec-10] c.b.b.g.jwt.CustomUserDetailsService     : UserDetailsService.loadUserByUsername: username - user@example.com
2025-03-05T08:42:18.479Z  INFO 1 --- [backend] [http-nio-8080-exec-10] c.b.backend.global.jwt.JwtTokenProvider  : JwtTokenProvider.getAuthentication:  userDetails 가져옴 - user@example.com
2025-03-05T08:59:57.682Z  INFO 1 --- [backend] [SpringApplicationShutdownHook] j.LocalContainerEntityManagerFactoryBean : Closing JPA EntityManagerFactory for persistence unit 'default'
2025-03-05T08:59:57.699Z  INFO 1 --- [backend] [SpringApplicationShutdownHook] com.zaxxer.hikari.HikariDataSource       : HikariPool-1 - Shutdown initiated...
2025-03-05T08:59:57.750Z  INFO 1 --- [backend] [SpringApplicationShutdownHook] com.zaxxer.hikari.HikariDataSource       : HikariPool-1 - Shutdown completed.
2025-03-05T09:03:02.930Z  INFO 1 --- [backend] [main] c.bookmile.backend.BackendApplication    : Starting BackendApplication v0.0.1-SNAPSHOT using Java 21 with PID 1 (/app.jar started by root in /)
2025-03-05T09:03:02.962Z  INFO 1 --- [backend] [main] c.bookmile.backend.BackendApplication    : The following 1 profile is active: "oauth"
2025-03-05T09:03:17.470Z  INFO 1 --- [backend] [main] .s.d.r.c.RepositoryConfigurationDelegate : Multiple Spring Data modules found, entering strict repository configuration mode
2025-03-05T09:03:17.490Z  INFO 1 --- [backend] [main] .s.d.r.c.RepositoryConfigurationDelegate : Bootstrapping Spring Data JPA repositories in DEFAULT mode.
2025-03-05T09:03:17.851Z  INFO 1 --- [backend] [main] .RepositoryConfigurationExtensionSupport : Spring Data JPA - Could not safely identify store assignment for repository candidate interface com.bookmile.backend.global.redis.RefreshTokenRepository; If you want this repository to be a JPA repository, consider annotating your entities with one of these annotations: jakarta.persistence.Entity, jakarta.persistence.MappedSuperclass (preferred), or consider extending one of the following types with your repository: org.springframework.data.jpa.repository.JpaRepository
2025-03-05T09:03:19.081Z  INFO 1 --- [backend] [main] .s.d.r.c.RepositoryConfigurationDelegate : Finished Spring Data repository scanning in 1542 ms. Found 11 JPA repository interfaces.
2025-03-05T09:03:19.426Z  INFO 1 --- [backend] [main] .s.d.r.c.RepositoryConfigurationDelegate : Multiple Spring Data modules found, entering strict repository configuration mode
2025-03-05T09:03:19.435Z  INFO 1 --- [backend] [main] .s.d.r.c.RepositoryConfigurationDelegate : Bootstrapping Spring Data Redis repositories in DEFAULT mode.
2025-03-05T09:03:19.632Z  INFO 1 --- [backend] [main] .RepositoryConfigurationExtensionSupport : Spring Data Redis - Could not safely identify store assignment for repository candidate interface com.bookmile.backend.domain.group.repository.GroupRepository; If you want this repository to be a Redis repository, consider annotating your entities with one of these annotations: org.springframework.data.redis.core.RedisHash (preferred), or consider extending one of the following types with your repository: org.springframework.data.keyvalue.repository.KeyValueRepository
2025-03-05T09:03:19.735Z  INFO 1 --- [backend] [main] .RepositoryConfigurationExtensionSupport : Spring Data Redis - Could not safely identify store assignment for repository candidate interface com.bookmile.backend.domain.review.repository.ReviewRepository; If you want this repository to be a Redis repository, consider annotating your entities with one of these annotations: org.springframework.data.redis.core.RedisHash (preferred), or consider extending one of the following types with your repository: org.springframework.data.keyvalue.repository.KeyValueRepository
2025-03-05T09:03:19.748Z  INFO 1 --- [backend] [main] .RepositoryConfigurationExtensionSupport : Spring Data Redis - Could not safely identify store assignment for repository candidate interface com.bookmile.backend.domain.review.service.ReviewBookRepository; If you want this repository to be a Redis repository, consider annotating your entities with one of these annotations: org.springframework.data.redis.core.RedisHash (preferred), or consider extending one of the following types with your repository: org.springframework.data.keyvalue.repository.KeyValueRepository
2025-03-05T09:03:19.750Z  INFO 1 --- [backend] [main] .RepositoryConfigurationExtensionSupport : Spring Data Redis - Could not safely identify store assignment for repository candidate interface com.bookmile.backend.domain.book.repository.BookRepository; If you want this repository to be a Redis repository, consider annotating your entities with one of these annotations: org.springframework.data.redis.core.RedisHash (preferred), or consider extending one of the following types with your repository: org.springframework.data.keyvalue.repository.KeyValueRepository
2025-03-05T09:03:19.753Z  INFO 1 --- [backend] [main] .RepositoryConfigurationExtensionSupport : Spring Data Redis - Could not safely identify store assignment for repository candidate interface com.bookmile.backend.domain.record.repository.RecordRepository; If you want this repository to be a Redis repository, consider annotating your entities with one of these annotations: org.springframework.data.redis.core.RedisHash (preferred), or consider extending one of the following types with your repository: org.springframework.data.keyvalue.repository.KeyValueRepository
2025-03-05T09:03:19.766Z  INFO 1 --- [backend] [main] .RepositoryConfigurationExtensionSupport : Spring Data Redis - Could not safely identify store assignment for repository candidate interface com.bookmile.backend.domain.record.service.RecordGroupRepository; If you want this repository to be a Redis repository, consider annotating your entities with one of these annotations: org.springframework.data.redis.core.RedisHash (preferred), or consider extending one of the following types with your repository: org.springframework.data.keyvalue.repository.KeyValueRepository
2025-03-05T09:03:19.770Z  INFO 1 --- [backend] [main] .RepositoryConfigurationExtensionSupport : Spring Data Redis - Could not safely identify store assignment for repository candidate interface com.bookmile.backend.domain.user.repository.UserOAuthRepository; If you want this repository to be a Redis repository, consider annotating your entities with one of these annotations: org.springframework.data.redis.core.RedisHash (preferred), or consider extending one of the following types with your repository: org.springframework.data.keyvalue.repository.KeyValueRepository
2025-03-05T09:03:19.785Z  INFO 1 --- [backend] [main] .RepositoryConfigurationExtensionSupport : Spring Data Redis - Could not safely identify store assignment for repository candidate interface com.bookmile.backend.domain.user.repository.UserRepository; If you want this repository to be a Redis repository, consider annotating your entities with one of these annotations: org.springframework.data.redis.core.RedisHash (preferred), or consider extending one of the following types with your repository: org.springframework.data.keyvalue.repository.KeyValueRepository
2025-03-05T09:03:19.787Z  INFO 1 --- [backend] [main] .RepositoryConfigurationExtensionSupport : Spring Data Redis - Could not safely identify store assignment for repository candidate interface com.bookmile.backend.domain.image.repository.ImageRepository; If you want this repository to be a Redis repository, consider annotating your entities with one of these annotations: org.springframework.data.redis.core.RedisHash (preferred), or consider extending one of the following types with your repository: org.springframework.data.keyvalue.repository.KeyValueRepository
2025-03-05T09:03:19.834Z  INFO 1 --- [backend] [main] .RepositoryConfigurationExtensionSupport : Spring Data Redis - Could not safely identify store assignment for repository candidate interface com.bookmile.backend.domain.userGroup.repository.UserGroupRepository; If you want this repository to be a Redis repository, consider annotating your entities with one of these annotations: org.springframework.data.redis.core.RedisHash (preferred), or consider extending one of the following types with your repository: org.springframework.data.keyvalue.repository.KeyValueRepository
2025-03-05T09:03:19.836Z  INFO 1 --- [backend] [main] .RepositoryConfigurationExtensionSupport : Spring Data Redis - Could not safely identify store assignment for repository candidate interface com.bookmile.backend.domain.template.repository.TemplateRepository; If you want this repository to be a Redis repository, consider annotating your entities with one of these annotations: org.springframework.data.redis.core.RedisHash (preferred), or consider extending one of the following types with your repository: org.springframework.data.keyvalue.repository.KeyValueRepository
2025-03-05T09:03:19.920Z  INFO 1 --- [backend] [main] .s.d.r.c.RepositoryConfigurationDelegate : Finished Spring Data repository scanning in 378 ms. Found 1 Redis repository interface.
2025-03-05T09:03:29.662Z  INFO 1 --- [backend] [main] o.s.b.w.embedded.tomcat.TomcatWebServer  : Tomcat initialized with port 8080 (http)
2025-03-05T09:03:29.835Z  INFO 1 --- [backend] [main] o.apache.catalina.core.StandardService   : Starting service [Tomcat]
2025-03-05T09:03:29.847Z  INFO 1 --- [backend] [main] o.apache.catalina.core.StandardEngine    : Starting Servlet engine: [Apache Tomcat/10.1.31]
2025-03-05T09:03:30.128Z  INFO 1 --- [backend] [main] o.a.c.c.C.[Tomcat].[localhost].[/]       : Initializing Spring embedded WebApplicationContext
2025-03-05T09:03:30.132Z  INFO 1 --- [backend] [main] w.s.c.ServletWebServerApplicationContext : Root WebApplicationContext: initialization completed in 26640 ms
2025-03-05T09:03:33.323Z  INFO 1 --- [backend] [main] o.hibernate.jpa.internal.util.LogHelper  : HHH000204: Processing PersistenceUnitInfo [name: default]
2025-03-05T09:03:34.055Z  INFO 1 --- [backend] [main] org.hibernate.Version                    : HHH000412: Hibernate ORM core version 6.5.3.Final
2025-03-05T09:03:34.431Z  INFO 1 --- [backend] [main] o.h.c.internal.RegionFactoryInitiator    : HHH000026: Second-level cache disabled
2025-03-05T09:03:36.585Z  INFO 1 --- [backend] [main] o.s.o.j.p.SpringPersistenceUnitInfo      : No LoadTimeWeaver setup: ignoring JPA class transformer
2025-03-05T09:03:36.742Z  INFO 1 --- [backend] [main] com.zaxxer.hikari.HikariDataSource       : HikariPool-1 - Starting...
2025-03-05T09:03:38.738Z  INFO 1 --- [backend] [main] com.zaxxer.hikari.pool.HikariPool        : HikariPool-1 - Added connection com.mysql.cj.jdbc.ConnectionImpl@2552181d
2025-03-05T09:03:38.752Z  INFO 1 --- [backend] [main] com.zaxxer.hikari.HikariDataSource       : HikariPool-1 - Start completed.
2025-03-05T09:03:39.128Z  WARN 1 --- [backend] [main] org.hibernate.orm.deprecation            : HHH90000025: MySQL8Dialect does not need to be specified explicitly using 'hibernate.dialect' (remove the property setting and it will be selected by default)
2025-03-05T09:03:39.139Z  WARN 1 --- [backend] [main] org.hibernate.orm.deprecation            : HHH90000026: MySQL8Dialect has been deprecated; use org.hibernate.dialect.MySQLDialect instead
2025-03-05T09:03:39.517Z DEBUG 1 --- [backend] [main] o.h.t.d.sql.spi.DdlTypeRegistry          : addDescriptor(12, org.hibernate.type.descriptor.sql.internal.CapacityDependentDdlType@5ce41f1f) replaced previous registration(org.hibernate.type.descriptor.sql.internal.CapacityDependentDdlType@56820446)
2025-03-05T09:03:39.550Z DEBUG 1 --- [backend] [main] o.h.t.d.sql.spi.DdlTypeRegistry          : addDescriptor(-9, org.hibernate.type.descriptor.sql.internal.CapacityDependentDdlType@2259d54f) replaced previous registration(org.hibernate.type.descriptor.sql.internal.CapacityDependentDdlType@1b82f62a)
2025-03-05T09:03:39.552Z DEBUG 1 --- [backend] [main] o.h.t.d.sql.spi.DdlTypeRegistry          : addDescriptor(-3, org.hibernate.type.descriptor.sql.internal.CapacityDependentDdlType@67e21ea2) replaced previous registration(org.hibernate.type.descriptor.sql.internal.CapacityDependentDdlType@2184962c)
2025-03-05T09:03:39.554Z DEBUG 1 --- [backend] [main] o.h.t.d.sql.spi.DdlTypeRegistry          : addDescriptor(4003, org.hibernate.type.descriptor.sql.internal.DdlTypeImpl@4d9bccfe) replaced previous registration(org.hibernate.type.descriptor.sql.internal.DdlTypeImpl@412440c1)
2025-03-05T09:03:39.568Z DEBUG 1 --- [backend] [main] o.h.t.d.sql.spi.DdlTypeRegistry          : addDescriptor(4001, org.hibernate.type.descriptor.sql.internal.DdlTypeImpl@36c45149) replaced previous registration(org.hibernate.type.descriptor.sql.internal.DdlTypeImpl@33f4844b)
2025-03-05T09:03:39.570Z DEBUG 1 --- [backend] [main] o.h.t.d.sql.spi.DdlTypeRegistry          : addDescriptor(4002, org.hibernate.type.descriptor.sql.internal.DdlTypeImpl@201b52f7) replaced previous registration(org.hibernate.type.descriptor.sql.internal.DdlTypeImpl@435a2c7d)
2025-03-05T09:03:39.572Z DEBUG 1 --- [backend] [main] o.h.t.d.sql.spi.DdlTypeRegistry          : addDescriptor(2004, org.hibernate.type.descriptor.sql.internal.CapacityDependentDdlType@57806346) replaced previous registration(org.hibernate.type.descriptor.sql.internal.DdlTypeImpl@40416321)
2025-03-05T09:03:39.576Z DEBUG 1 --- [backend] [main] o.h.t.d.sql.spi.DdlTypeRegistry          : addDescriptor(2005, org.hibernate.type.descriptor.sql.internal.CapacityDependentDdlType@3ab70d34) replaced previous registration(org.hibernate.type.descriptor.sql.internal.DdlTypeImpl@289cf7db)
2025-03-05T09:03:39.588Z DEBUG 1 --- [backend] [main] o.h.t.d.sql.spi.DdlTypeRegistry          : addDescriptor(2011, org.hibernate.type.descriptor.sql.internal.CapacityDependentDdlType@7c523bdd) replaced previous registration(org.hibernate.type.descriptor.sql.internal.DdlTypeImpl@3741071d)
2025-03-05T09:03:46.557Z  INFO 1 --- [backend] [main] o.h.e.t.j.p.i.JtaPlatformInitiator       : HHH000489: No JTA platform available (set 'hibernate.transaction.jta.platform' to enable JTA platform integration)
2025-03-05T09:03:47.138Z  INFO 1 --- [backend] [main] j.LocalContainerEntityManagerFactoryBean : Initialized JPA EntityManagerFactory for persistence unit 'default'
2025-03-05T09:03:49.263Z  INFO 1 --- [backend] [main] o.s.d.j.r.query.QueryEnhancerFactory     : Hibernate is in classpath; If applicable, HQL parser will be used.
2025-03-05T09:03:53.796Z  INFO 1 --- [backend] [main] c.b.b.global.oauth.OAuth2UnlinkService   : kakao admin-key : f7827e5bb4a42fd97f6226837a0fa99e
2025-03-05T09:04:04.400Z  WARN 1 --- [backend] [main] JpaBaseConfiguration$JpaWebConfiguration : spring.jpa.open-in-view is enabled by default. Therefore, database queries may be performed during view rendering. Explicitly configure spring.jpa.open-in-view to disable this warning
2025-03-05T09:04:04.713Z  INFO 1 --- [backend] [main] r$InitializeUserDetailsManagerConfigurer : Global AuthenticationManager configured with UserDetailsService bean with name customUserDetailsService
2025-03-05T09:04:06.835Z  INFO 1 --- [backend] [main] o.s.b.a.e.web.EndpointLinksResolver      : Exposing 4 endpoints beneath base path '/actuator'
2025-03-05T09:04:07.428Z  WARN 1 --- [backend] [main] o.s.s.c.a.web.builders.WebSecurity       : You are asking Spring Security to ignore Deferred [Mvc [pattern='/swagger-ui/**'], Ant [pattern='/swagger-ui/**']]. This is not recommended -- please use permitAll via HttpSecurity#authorizeHttpRequests instead.
2025-03-05T09:04:07.432Z  WARN 1 --- [backend] [main] o.s.s.c.a.web.builders.WebSecurity       : You are asking Spring Security to ignore Deferred [Mvc [pattern='/v3/api-docs/**'], Ant [pattern='/v3/api-docs/**']]. This is not recommended -- please use permitAll via HttpSecurity#authorizeHttpRequests instead.
2025-03-05T09:04:07.434Z  WARN 1 --- [backend] [main] o.s.s.c.a.web.builders.WebSecurity       : You are asking Spring Security to ignore Deferred [Mvc [pattern='/error'], Ant [pattern='/error']]. This is not recommended -- please use permitAll via HttpSecurity#authorizeHttpRequests instead.
2025-03-05T09:04:07.437Z  WARN 1 --- [backend] [main] o.s.s.c.a.web.builders.WebSecurity       : You are asking Spring Security to ignore Deferred [Mvc [pattern='/favicon.ico'], Ant [pattern='/favicon.ico']]. This is not recommended -- please use permitAll via HttpSecurity#authorizeHttpRequests instead.
2025-03-05T09:04:10.211Z  INFO 1 --- [backend] [main] o.s.b.w.embedded.tomcat.TomcatWebServer  : Tomcat started on port 8080 (http) with context path '/'
2025-03-05T09:04:10.314Z  INFO 1 --- [backend] [main] c.bookmile.backend.BackendApplication    : Started BackendApplication in 72.737 seconds (process running for 79.43)
2025-03-05T09:04:25.402Z  INFO 1 --- [backend] [http-nio-8080-exec-1] o.a.c.c.C.[Tomcat].[localhost].[/]       : Initializing Spring DispatcherServlet 'dispatcherServlet'
2025-03-05T09:04:25.405Z  INFO 1 --- [backend] [http-nio-8080-exec-1] o.s.web.servlet.DispatcherServlet        : Initializing Servlet 'dispatcherServlet'
2025-03-05T09:04:25.416Z  INFO 1 --- [backend] [http-nio-8080-exec-1] o.s.web.servlet.DispatcherServlet        : Completed initialization in 9 ms
2025-03-05T09:04:51.462Z  INFO 1 --- [backend] [http-nio-8080-exec-1] o.springdoc.api.AbstractOpenApiResource  : Init duration for springdoc-openapi is: 1380 ms
2025-03-05T09:12:21.480Z  INFO 1 --- [backend] [http-nio-8080-exec-6] c.b.backend.global.jwt.JwtTokenProvider  : JwtTokenProvider.resolveToken: 토큰 분리 eyJhbGciOiJIUzI1NiJ9.eyJzdWIiOiJ1c2VyQGV4YW1wbGUuY29tIiwidHlwZSI6ImFjY2Vzc1Rva2VuIiwidXNlcklkIjoxLCJyb2xlIjoiVVNFUiIsImlhdCI6MTc0MTE2NTkxMiwiZXhwIjoxNzQxMTY5NTEyfQ._tMYIj6QuwNWoowsiq4vRyWwEA4U_hy8XOKANrIOeOI
2025-03-05T09:12:21.505Z  INFO 1 --- [backend] [http-nio-8080-exec-6] c.b.backend.global.jwt.JwtTokenProvider  : JwtTokenProvider.parseClaims: 토큰 검증 완료, 파싱 클레임 - {sub=user@example.com, type=accessToken, userId=1, role=USER, iat=1741165912, exp=1741169512}
2025-03-05T09:12:21.511Z  INFO 1 --- [backend] [http-nio-8080-exec-6] c.b.backend.global.jwt.JwtTokenProvider  : JwtTokenProvider.parseClaims: 토큰 검증 완료, 파싱 클레임 - {sub=user@example.com, type=accessToken, userId=1, role=USER, iat=1741165912, exp=1741169512}
2025-03-05T09:12:21.512Z  INFO 1 --- [backend] [http-nio-8080-exec-6] c.b.backend.global.jwt.JwtTokenProvider  : JwtTokenProvider.getUserEmail: 토큰 기반 회원 구별 정보(email) 추출 완료 - user@example.com
2025-03-05T09:12:21.514Z  INFO 1 --- [backend] [http-nio-8080-exec-6] c.b.b.g.jwt.CustomUserDetailsService     : UserDetailsService.loadUserByUsername: username - user@example.com
2025-03-05T09:12:21.552Z  INFO 1 --- [backend] [http-nio-8080-exec-6] c.b.b.g.jwt.CustomUserDetailsService     : UserDetailsService.loadUserByUsername: username - user@example.com
2025-03-05T09:12:21.554Z  INFO 1 --- [backend] [http-nio-8080-exec-6] c.b.backend.global.jwt.JwtTokenProvider  : JwtTokenProvider.getAuthentication:  userDetails 가져옴 - user@example.com
2025-03-05T09:12:21.558Z  INFO 1 --- [backend] [http-nio-8080-exec-6] c.b.backend.global.jwt.JwtTokenProvider  : JwtTokenProvider.resolveToken: 토큰 분리 eyJhbGciOiJIUzI1NiJ9.eyJzdWIiOiJ1c2VyQGV4YW1wbGUuY29tIiwidHlwZSI6ImFjY2Vzc1Rva2VuIiwidXNlcklkIjoxLCJyb2xlIjoiVVNFUiIsImlhdCI6MTc0MTE2NTkxMiwiZXhwIjoxNzQxMTY5NTEyfQ._tMYIj6QuwNWoowsiq4vRyWwEA4U_hy8XOKANrIOeOI
2025-03-05T09:12:21.563Z  INFO 1 --- [backend] [http-nio-8080-exec-6] c.b.backend.global.jwt.JwtTokenProvider  : JwtTokenProvider.parseClaims: 토큰 검증 완료, 파싱 클레임 - {sub=user@example.com, type=accessToken, userId=1, role=USER, iat=1741165912, exp=1741169512}
2025-03-05T09:12:21.566Z  INFO 1 --- [backend] [http-nio-8080-exec-6] c.b.backend.global.jwt.JwtTokenProvider  : JwtTokenProvider.parseClaims: 토큰 검증 완료, 파싱 클레임 - {sub=user@example.com, type=accessToken, userId=1, role=USER, iat=1741165912, exp=1741169512}
2025-03-05T09:12:21.567Z  INFO 1 --- [backend] [http-nio-8080-exec-6] c.b.backend.global.jwt.JwtTokenProvider  : JwtTokenProvider.getUserEmail: 토큰 기반 회원 구별 정보(email) 추출 완료 - user@example.com
2025-03-05T09:12:21.567Z  INFO 1 --- [backend] [http-nio-8080-exec-6] c.b.b.g.jwt.CustomUserDetailsService     : UserDetailsService.loadUserByUsername: username - user@example.com
2025-03-05T09:12:21.576Z  INFO 1 --- [backend] [http-nio-8080-exec-6] c.b.b.g.jwt.CustomUserDetailsService     : UserDetailsService.loadUserByUsername: username - user@example.com
2025-03-05T09:12:21.577Z  INFO 1 --- [backend] [http-nio-8080-exec-6] c.b.backend.global.jwt.JwtTokenProvider  : JwtTokenProvider.getAuthentication:  userDetails 가져옴 - user@example.com
2025-03-05T09:13:39.377Z  INFO 1 --- [backend] [SpringApplicationShutdownHook] j.LocalContainerEntityManagerFactoryBean : Closing JPA EntityManagerFactory for persistence unit 'default'
2025-03-05T09:13:39.381Z  INFO 1 --- [backend] [SpringApplicationShutdownHook] com.zaxxer.hikari.HikariDataSource       : HikariPool-1 - Shutdown initiated...
2025-03-05T09:13:39.414Z  INFO 1 --- [backend] [SpringApplicationShutdownHook] com.zaxxer.hikari.HikariDataSource       : HikariPool-1 - Shutdown completed.
2025-03-05T09:16:25.057Z  INFO 1 --- [backend] [main] c.bookmile.backend.BackendApplication    : Starting BackendApplication v0.0.1-SNAPSHOT using Java 21 with PID 1 (/app.jar started by root in /)
2025-03-05T09:16:25.076Z  INFO 1 --- [backend] [main] c.bookmile.backend.BackendApplication    : The following 1 profile is active: "oauth"
2025-03-05T09:16:34.562Z  INFO 1 --- [backend] [main] .s.d.r.c.RepositoryConfigurationDelegate : Multiple Spring Data modules found, entering strict repository configuration mode
2025-03-05T09:16:34.599Z  INFO 1 --- [backend] [main] .s.d.r.c.RepositoryConfigurationDelegate : Bootstrapping Spring Data JPA repositories in DEFAULT mode.
2025-03-05T09:16:34.824Z  INFO 1 --- [backend] [main] .RepositoryConfigurationExtensionSupport : Spring Data JPA - Could not safely identify store assignment for repository candidate interface com.bookmile.backend.global.redis.RefreshTokenRepository; If you want this repository to be a JPA repository, consider annotating your entities with one of these annotations: jakarta.persistence.Entity, jakarta.persistence.MappedSuperclass (preferred), or consider extending one of the following types with your repository: org.springframework.data.jpa.repository.JpaRepository
2025-03-05T09:16:35.879Z  INFO 1 --- [backend] [main] .s.d.r.c.RepositoryConfigurationDelegate : Finished Spring Data repository scanning in 1237 ms. Found 11 JPA repository interfaces.
2025-03-05T09:16:36.000Z  INFO 1 --- [backend] [main] .s.d.r.c.RepositoryConfigurationDelegate : Multiple Spring Data modules found, entering strict repository configuration mode
2025-03-05T09:16:36.027Z  INFO 1 --- [backend] [main] .s.d.r.c.RepositoryConfigurationDelegate : Bootstrapping Spring Data Redis repositories in DEFAULT mode.
2025-03-05T09:16:36.146Z  INFO 1 --- [backend] [main] .RepositoryConfigurationExtensionSupport : Spring Data Redis - Could not safely identify store assignment for repository candidate interface com.bookmile.backend.domain.group.repository.GroupRepository; If you want this repository to be a Redis repository, consider annotating your entities with one of these annotations: org.springframework.data.redis.core.RedisHash (preferred), or consider extending one of the following types with your repository: org.springframework.data.keyvalue.repository.KeyValueRepository
2025-03-05T09:16:36.158Z  INFO 1 --- [backend] [main] .RepositoryConfigurationExtensionSupport : Spring Data Redis - Could not safely identify store assignment for repository candidate interface com.bookmile.backend.domain.review.repository.ReviewRepository; If you want this repository to be a Redis repository, consider annotating your entities with one of these annotations: org.springframework.data.redis.core.RedisHash (preferred), or consider extending one of the following types with your repository: org.springframework.data.keyvalue.repository.KeyValueRepository
2025-03-05T09:16:36.161Z  INFO 1 --- [backend] [main] .RepositoryConfigurationExtensionSupport : Spring Data Redis - Could not safely identify store assignment for repository candidate interface com.bookmile.backend.domain.review.service.ReviewBookRepository; If you want this repository to be a Redis repository, consider annotating your entities with one of these annotations: org.springframework.data.redis.core.RedisHash (preferred), or consider extending one of the following types with your repository: org.springframework.data.keyvalue.repository.KeyValueRepository
2025-03-05T09:16:36.168Z  INFO 1 --- [backend] [main] .RepositoryConfigurationExtensionSupport : Spring Data Redis - Could not safely identify store assignment for repository candidate interface com.bookmile.backend.domain.book.repository.BookRepository; If you want this repository to be a Redis repository, consider annotating your entities with one of these annotations: org.springframework.data.redis.core.RedisHash (preferred), or consider extending one of the following types with your repository: org.springframework.data.keyvalue.repository.KeyValueRepository
2025-03-05T09:16:36.183Z  INFO 1 --- [backend] [main] .RepositoryConfigurationExtensionSupport : Spring Data Redis - Could not safely identify store assignment for repository candidate interface com.bookmile.backend.domain.record.repository.RecordRepository; If you want this repository to be a Redis repository, consider annotating your entities with one of these annotations: org.springframework.data.redis.core.RedisHash (preferred), or consider extending one of the following types with your repository: org.springframework.data.keyvalue.repository.KeyValueRepository
2025-03-05T09:16:36.191Z  INFO 1 --- [backend] [main] .RepositoryConfigurationExtensionSupport : Spring Data Redis - Could not safely identify store assignment for repository candidate interface com.bookmile.backend.domain.record.service.RecordGroupRepository; If you want this repository to be a Redis repository, consider annotating your entities with one of these annotations: org.springframework.data.redis.core.RedisHash (preferred), or consider extending one of the following types with your repository: org.springframework.data.keyvalue.repository.KeyValueRepository
2025-03-05T09:16:36.196Z  INFO 1 --- [backend] [main] .RepositoryConfigurationExtensionSupport : Spring Data Redis - Could not safely identify store assignment for repository candidate interface com.bookmile.backend.domain.user.repository.UserOAuthRepository; If you want this repository to be a Redis repository, consider annotating your entities with one of these annotations: org.springframework.data.redis.core.RedisHash (preferred), or consider extending one of the following types with your repository: org.springframework.data.keyvalue.repository.KeyValueRepository
2025-03-05T09:16:36.211Z  INFO 1 --- [backend] [main] .RepositoryConfigurationExtensionSupport : Spring Data Redis - Could not safely identify store assignment for repository candidate interface com.bookmile.backend.domain.user.repository.UserRepository; If you want this repository to be a Redis repository, consider annotating your entities with one of these annotations: org.springframework.data.redis.core.RedisHash (preferred), or consider extending one of the following types with your repository: org.springframework.data.keyvalue.repository.KeyValueRepository
2025-03-05T09:16:36.216Z  INFO 1 --- [backend] [main] .RepositoryConfigurationExtensionSupport : Spring Data Redis - Could not safely identify store assignment for repository candidate interface com.bookmile.backend.domain.image.repository.ImageRepository; If you want this repository to be a Redis repository, consider annotating your entities with one of these annotations: org.springframework.data.redis.core.RedisHash (preferred), or consider extending one of the following types with your repository: org.springframework.data.keyvalue.repository.KeyValueRepository
2025-03-05T09:16:36.240Z  INFO 1 --- [backend] [main] .RepositoryConfigurationExtensionSupport : Spring Data Redis - Could not safely identify store assignment for repository candidate interface com.bookmile.backend.domain.userGroup.repository.UserGroupRepository; If you want this repository to be a Redis repository, consider annotating your entities with one of these annotations: org.springframework.data.redis.core.RedisHash (preferred), or consider extending one of the following types with your repository: org.springframework.data.keyvalue.repository.KeyValueRepository
2025-03-05T09:16:36.245Z  INFO 1 --- [backend] [main] .RepositoryConfigurationExtensionSupport : Spring Data Redis - Could not safely identify store assignment for repository candidate interface com.bookmile.backend.domain.template.repository.TemplateRepository; If you want this repository to be a Redis repository, consider annotating your entities with one of these annotations: org.springframework.data.redis.core.RedisHash (preferred), or consider extending one of the following types with your repository: org.springframework.data.keyvalue.repository.KeyValueRepository
2025-03-05T09:16:36.282Z  INFO 1 --- [backend] [main] .s.d.r.c.RepositoryConfigurationDelegate : Finished Spring Data repository scanning in 179 ms. Found 1 Redis repository interface.
2025-03-05T09:16:42.618Z  INFO 1 --- [backend] [main] o.s.b.w.embedded.tomcat.TomcatWebServer  : Tomcat initialized with port 8080 (http)
2025-03-05T09:16:42.762Z  INFO 1 --- [backend] [main] o.apache.catalina.core.StandardService   : Starting service [Tomcat]
2025-03-05T09:16:42.769Z  INFO 1 --- [backend] [main] o.apache.catalina.core.StandardEngine    : Starting Servlet engine: [Apache Tomcat/10.1.31]
2025-03-05T09:16:42.966Z  INFO 1 --- [backend] [main] o.a.c.c.C.[Tomcat].[localhost].[/]       : Initializing Spring embedded WebApplicationContext
2025-03-05T09:16:42.989Z  INFO 1 --- [backend] [main] w.s.c.ServletWebServerApplicationContext : Root WebApplicationContext: initialization completed in 17586 ms
2025-03-05T09:16:45.201Z  INFO 1 --- [backend] [main] o.hibernate.jpa.internal.util.LogHelper  : HHH000204: Processing PersistenceUnitInfo [name: default]
2025-03-05T09:16:45.659Z  INFO 1 --- [backend] [main] org.hibernate.Version                    : HHH000412: Hibernate ORM core version 6.5.3.Final
2025-03-05T09:16:45.851Z  INFO 1 --- [backend] [main] o.h.c.internal.RegionFactoryInitiator    : HHH000026: Second-level cache disabled
2025-03-05T09:16:47.899Z  INFO 1 --- [backend] [main] o.s.o.j.p.SpringPersistenceUnitInfo      : No LoadTimeWeaver setup: ignoring JPA class transformer
2025-03-05T09:16:48.126Z  INFO 1 --- [backend] [main] com.zaxxer.hikari.HikariDataSource       : HikariPool-1 - Starting...
2025-03-05T09:16:50.342Z  INFO 1 --- [backend] [main] com.zaxxer.hikari.pool.HikariPool        : HikariPool-1 - Added connection com.mysql.cj.jdbc.ConnectionImpl@16745abd
2025-03-05T09:16:50.360Z  INFO 1 --- [backend] [main] com.zaxxer.hikari.HikariDataSource       : HikariPool-1 - Start completed.
2025-03-05T09:16:50.660Z  WARN 1 --- [backend] [main] org.hibernate.orm.deprecation            : HHH90000025: MySQL8Dialect does not need to be specified explicitly using 'hibernate.dialect' (remove the property setting and it will be selected by default)
2025-03-05T09:16:50.671Z  WARN 1 --- [backend] [main] org.hibernate.orm.deprecation            : HHH90000026: MySQL8Dialect has been deprecated; use org.hibernate.dialect.MySQLDialect instead
2025-03-05T09:16:50.988Z DEBUG 1 --- [backend] [main] o.h.t.d.sql.spi.DdlTypeRegistry          : addDescriptor(12, org.hibernate.type.descriptor.sql.internal.CapacityDependentDdlType@40416321) replaced previous registration(org.hibernate.type.descriptor.sql.internal.CapacityDependentDdlType@3ab70d34)
2025-03-05T09:16:50.991Z DEBUG 1 --- [backend] [main] o.h.t.d.sql.spi.DdlTypeRegistry          : addDescriptor(-9, org.hibernate.type.descriptor.sql.internal.CapacityDependentDdlType@289cf7db) replaced previous registration(org.hibernate.type.descriptor.sql.internal.CapacityDependentDdlType@7c523bdd)
2025-03-05T09:16:51.027Z DEBUG 1 --- [backend] [main] o.h.t.d.sql.spi.DdlTypeRegistry          : addDescriptor(-3, org.hibernate.type.descriptor.sql.internal.CapacityDependentDdlType@3741071d) replaced previous registration(org.hibernate.type.descriptor.sql.internal.CapacityDependentDdlType@351d726c)
2025-03-05T09:16:51.035Z DEBUG 1 --- [backend] [main] o.h.t.d.sql.spi.DdlTypeRegistry          : addDescriptor(4003, org.hibernate.type.descriptor.sql.internal.DdlTypeImpl@7af0693b) replaced previous registration(org.hibernate.type.descriptor.sql.internal.DdlTypeImpl@1791396b)
2025-03-05T09:16:51.037Z DEBUG 1 --- [backend] [main] o.h.t.d.sql.spi.DdlTypeRegistry          : addDescriptor(4001, org.hibernate.type.descriptor.sql.internal.DdlTypeImpl@28d7bd6b) replaced previous registration(org.hibernate.type.descriptor.sql.internal.DdlTypeImpl@7607340f)
2025-03-05T09:16:51.045Z DEBUG 1 --- [backend] [main] o.h.t.d.sql.spi.DdlTypeRegistry          : addDescriptor(4002, org.hibernate.type.descriptor.sql.internal.DdlTypeImpl@f472245) replaced previous registration(org.hibernate.type.descriptor.sql.internal.DdlTypeImpl@110318a7)
2025-03-05T09:16:51.046Z DEBUG 1 --- [backend] [main] o.h.t.d.sql.spi.DdlTypeRegistry          : addDescriptor(2004, org.hibernate.type.descriptor.sql.internal.CapacityDependentDdlType@42ac309) replaced previous registration(org.hibernate.type.descriptor.sql.internal.DdlTypeImpl@4b4228cf)
2025-03-05T09:16:51.049Z DEBUG 1 --- [backend] [main] o.h.t.d.sql.spi.DdlTypeRegistry          : addDescriptor(2005, org.hibernate.type.descriptor.sql.internal.CapacityDependentDdlType@7d216ee8) replaced previous registration(org.hibernate.type.descriptor.sql.internal.DdlTypeImpl@74ee97cb)
2025-03-05T09:16:51.052Z DEBUG 1 --- [backend] [main] o.h.t.d.sql.spi.DdlTypeRegistry          : addDescriptor(2011, org.hibernate.type.descriptor.sql.internal.CapacityDependentDdlType@268e30d4) replaced previous registration(org.hibernate.type.descriptor.sql.internal.DdlTypeImpl@7c50709a)
2025-03-05T09:16:57.905Z  INFO 1 --- [backend] [main] o.h.e.t.j.p.i.JtaPlatformInitiator       : HHH000489: No JTA platform available (set 'hibernate.transaction.jta.platform' to enable JTA platform integration)
2025-03-05T09:16:58.689Z  INFO 1 --- [backend] [main] j.LocalContainerEntityManagerFactoryBean : Initialized JPA EntityManagerFactory for persistence unit 'default'
2025-03-05T09:17:01.288Z  INFO 1 --- [backend] [main] o.s.d.j.r.query.QueryEnhancerFactory     : Hibernate is in classpath; If applicable, HQL parser will be used.
2025-03-05T09:17:06.475Z  INFO 1 --- [backend] [main] c.b.b.global.oauth.OAuth2UnlinkService   : kakao admin-key : f7827e5bb4a42fd97f6226837a0fa99e
2025-03-05T09:17:18.151Z  WARN 1 --- [backend] [main] JpaBaseConfiguration$JpaWebConfiguration : spring.jpa.open-in-view is enabled by default. Therefore, database queries may be performed during view rendering. Explicitly configure spring.jpa.open-in-view to disable this warning
2025-03-05T09:17:18.387Z  INFO 1 --- [backend] [main] r$InitializeUserDetailsManagerConfigurer : Global AuthenticationManager configured with UserDetailsService bean with name customUserDetailsService
2025-03-05T09:17:20.422Z  INFO 1 --- [backend] [main] o.s.b.a.e.web.EndpointLinksResolver      : Exposing 4 endpoints beneath base path '/actuator'
2025-03-05T09:17:21.008Z  WARN 1 --- [backend] [main] o.s.s.c.a.web.builders.WebSecurity       : You are asking Spring Security to ignore Deferred [Mvc [pattern='/swagger-ui/**'], Ant [pattern='/swagger-ui/**']]. This is not recommended -- please use permitAll via HttpSecurity#authorizeHttpRequests instead.
2025-03-05T09:17:21.010Z  WARN 1 --- [backend] [main] o.s.s.c.a.web.builders.WebSecurity       : You are asking Spring Security to ignore Deferred [Mvc [pattern='/v3/api-docs/**'], Ant [pattern='/v3/api-docs/**']]. This is not recommended -- please use permitAll via HttpSecurity#authorizeHttpRequests instead.
2025-03-05T09:17:21.012Z  WARN 1 --- [backend] [main] o.s.s.c.a.web.builders.WebSecurity       : You are asking Spring Security to ignore Deferred [Mvc [pattern='/error'], Ant [pattern='/error']]. This is not recommended -- please use permitAll via HttpSecurity#authorizeHttpRequests instead.
2025-03-05T09:17:21.013Z  WARN 1 --- [backend] [main] o.s.s.c.a.web.builders.WebSecurity       : You are asking Spring Security to ignore Deferred [Mvc [pattern='/favicon.ico'], Ant [pattern='/favicon.ico']]. This is not recommended -- please use permitAll via HttpSecurity#authorizeHttpRequests instead.
2025-03-05T09:17:23.234Z  INFO 1 --- [backend] [main] o.s.b.w.embedded.tomcat.TomcatWebServer  : Tomcat started on port 8080 (http) with context path '/'
2025-03-05T09:17:23.307Z  INFO 1 --- [backend] [main] c.bookmile.backend.BackendApplication    : Started BackendApplication in 61.465 seconds (process running for 66.127)
2025-03-05T09:17:24.247Z  INFO 1 --- [backend] [http-nio-8080-exec-1] o.a.c.c.C.[Tomcat].[localhost].[/]       : Initializing Spring DispatcherServlet 'dispatcherServlet'
2025-03-05T09:17:24.249Z  INFO 1 --- [backend] [http-nio-8080-exec-1] o.s.web.servlet.DispatcherServlet        : Initializing Servlet 'dispatcherServlet'
2025-03-05T09:17:24.257Z  INFO 1 --- [backend] [http-nio-8080-exec-1] o.s.web.servlet.DispatcherServlet        : Completed initialization in 6 ms
2025-03-05T09:18:17.200Z  INFO 1 --- [backend] [http-nio-8080-exec-3] o.springdoc.api.AbstractOpenApiResource  : Init duration for springdoc-openapi is: 1563 ms
2025-03-05T09:18:53.013Z  INFO 1 --- [backend] [http-nio-8080-exec-6] c.b.backend.global.jwt.JwtTokenProvider  : JwtTokenProvider.resolveToken: 토큰 분리 eyJhbGciOiJIUzI1NiJ9.eyJzdWIiOiJ1c2VyQGV4YW1wbGUuY29tIiwidHlwZSI6ImFjY2Vzc1Rva2VuIiwidXNlcklkIjoxLCJyb2xlIjoiVVNFUiIsImlhdCI6MTc0MTE2NjMwNiwiZXhwIjoxNzQxMTY5OTA2fQ.CphX3A1Xn_0nHHpwuZ8aO9ozcuZjbudPYsH3UP5TwGQ
2025-03-05T09:18:53.041Z  INFO 1 --- [backend] [http-nio-8080-exec-6] c.b.backend.global.jwt.JwtTokenProvider  : JwtTokenProvider.parseClaims: 토큰 검증 완료, 파싱 클레임 - {sub=user@example.com, type=accessToken, userId=1, role=USER, iat=1741166306, exp=1741169906}
2025-03-05T09:18:53.044Z  INFO 1 --- [backend] [http-nio-8080-exec-6] c.b.backend.global.jwt.JwtTokenProvider  : JwtTokenProvider.parseClaims: 토큰 검증 완료, 파싱 클레임 - {sub=user@example.com, type=accessToken, userId=1, role=USER, iat=1741166306, exp=1741169906}
2025-03-05T09:18:53.046Z  INFO 1 --- [backend] [http-nio-8080-exec-6] c.b.backend.global.jwt.JwtTokenProvider  : JwtTokenProvider.getUserEmail: 토큰 기반 회원 구별 정보(email) 추출 완료 - user@example.com
2025-03-05T09:18:53.047Z  INFO 1 --- [backend] [http-nio-8080-exec-6] c.b.b.g.jwt.CustomUserDetailsService     : UserDetailsService.loadUserByUsername: username - user@example.com
2025-03-05T09:18:53.086Z  INFO 1 --- [backend] [http-nio-8080-exec-6] c.b.b.g.jwt.CustomUserDetailsService     : UserDetailsService.loadUserByUsername: username - user@example.com
2025-03-05T09:18:53.088Z  INFO 1 --- [backend] [http-nio-8080-exec-6] c.b.backend.global.jwt.JwtTokenProvider  : JwtTokenProvider.getAuthentication:  userDetails 가져옴 - user@example.com
2025-03-05T09:18:53.093Z  INFO 1 --- [backend] [http-nio-8080-exec-6] c.b.backend.global.jwt.JwtTokenProvider  : JwtTokenProvider.resolveToken: 토큰 분리 eyJhbGciOiJIUzI1NiJ9.eyJzdWIiOiJ1c2VyQGV4YW1wbGUuY29tIiwidHlwZSI6ImFjY2Vzc1Rva2VuIiwidXNlcklkIjoxLCJyb2xlIjoiVVNFUiIsImlhdCI6MTc0MTE2NjMwNiwiZXhwIjoxNzQxMTY5OTA2fQ.CphX3A1Xn_0nHHpwuZ8aO9ozcuZjbudPYsH3UP5TwGQ
2025-03-05T09:18:53.096Z  INFO 1 --- [backend] [http-nio-8080-exec-6] c.b.backend.global.jwt.JwtTokenProvider  : JwtTokenProvider.parseClaims: 토큰 검증 완료, 파싱 클레임 - {sub=user@example.com, type=accessToken, userId=1, role=USER, iat=1741166306, exp=1741169906}
2025-03-05T09:18:53.100Z  INFO 1 --- [backend] [http-nio-8080-exec-6] c.b.backend.global.jwt.JwtTokenProvider  : JwtTokenProvider.parseClaims: 토큰 검증 완료, 파싱 클레임 - {sub=user@example.com, type=accessToken, userId=1, role=USER, iat=1741166306, exp=1741169906}
2025-03-05T09:18:53.101Z  INFO 1 --- [backend] [http-nio-8080-exec-6] c.b.backend.global.jwt.JwtTokenProvider  : JwtTokenProvider.getUserEmail: 토큰 기반 회원 구별 정보(email) 추출 완료 - user@example.com
2025-03-05T09:18:53.102Z  INFO 1 --- [backend] [http-nio-8080-exec-6] c.b.b.g.jwt.CustomUserDetailsService     : UserDetailsService.loadUserByUsername: username - user@example.com
2025-03-05T09:18:53.109Z  INFO 1 --- [backend] [http-nio-8080-exec-6] c.b.b.g.jwt.CustomUserDetailsService     : UserDetailsService.loadUserByUsername: username - user@example.com
2025-03-05T09:18:53.110Z  INFO 1 --- [backend] [http-nio-8080-exec-6] c.b.backend.global.jwt.JwtTokenProvider  : JwtTokenProvider.getAuthentication:  userDetails 가져옴 - user@example.com
2025-03-05T09:19:11.999Z  INFO 1 --- [backend] [http-nio-8080-exec-8] c.b.backend.global.jwt.JwtTokenProvider  : JwtTokenProvider.resolveToken: 토큰 분리 eyJhbGciOiJIUzI1NiJ9.eyJzdWIiOiJ1c2VyQGV4YW1wbGUuY29tIiwidHlwZSI6ImFjY2Vzc1Rva2VuIiwidXNlcklkIjoxLCJyb2xlIjoiVVNFUiIsImlhdCI6MTc0MTE2NjMwNiwiZXhwIjoxNzQxMTY5OTA2fQ.CphX3A1Xn_0nHHpwuZ8aO9ozcuZjbudPYsH3UP5TwGQ
2025-03-05T09:19:12.004Z  INFO 1 --- [backend] [http-nio-8080-exec-8] c.b.backend.global.jwt.JwtTokenProvider  : JwtTokenProvider.parseClaims: 토큰 검증 완료, 파싱 클레임 - {sub=user@example.com, type=accessToken, userId=1, role=USER, iat=1741166306, exp=1741169906}
2025-03-05T09:19:12.008Z  INFO 1 --- [backend] [http-nio-8080-exec-8] c.b.backend.global.jwt.JwtTokenProvider  : JwtTokenProvider.parseClaims: 토큰 검증 완료, 파싱 클레임 - {sub=user@example.com, type=accessToken, userId=1, role=USER, iat=1741166306, exp=1741169906}
2025-03-05T09:19:12.009Z  INFO 1 --- [backend] [http-nio-8080-exec-8] c.b.backend.global.jwt.JwtTokenProvider  : JwtTokenProvider.getUserEmail: 토큰 기반 회원 구별 정보(email) 추출 완료 - user@example.com
2025-03-05T09:19:12.010Z  INFO 1 --- [backend] [http-nio-8080-exec-8] c.b.b.g.jwt.CustomUserDetailsService     : UserDetailsService.loadUserByUsername: username - user@example.com
2025-03-05T09:19:12.023Z  INFO 1 --- [backend] [http-nio-8080-exec-8] c.b.b.g.jwt.CustomUserDetailsService     : UserDetailsService.loadUserByUsername: username - user@example.com
2025-03-05T09:19:12.024Z  INFO 1 --- [backend] [http-nio-8080-exec-8] c.b.backend.global.jwt.JwtTokenProvider  : JwtTokenProvider.getAuthentication:  userDetails 가져옴 - user@example.com
2025-03-05T09:19:12.026Z  INFO 1 --- [backend] [http-nio-8080-exec-8] c.b.backend.global.jwt.JwtTokenProvider  : JwtTokenProvider.resolveToken: 토큰 분리 eyJhbGciOiJIUzI1NiJ9.eyJzdWIiOiJ1c2VyQGV4YW1wbGUuY29tIiwidHlwZSI6ImFjY2Vzc1Rva2VuIiwidXNlcklkIjoxLCJyb2xlIjoiVVNFUiIsImlhdCI6MTc0MTE2NjMwNiwiZXhwIjoxNzQxMTY5OTA2fQ.CphX3A1Xn_0nHHpwuZ8aO9ozcuZjbudPYsH3UP5TwGQ
2025-03-05T09:19:12.029Z  INFO 1 --- [backend] [http-nio-8080-exec-8] c.b.backend.global.jwt.JwtTokenProvider  : JwtTokenProvider.parseClaims: 토큰 검증 완료, 파싱 클레임 - {sub=user@example.com, type=accessToken, userId=1, role=USER, iat=1741166306, exp=1741169906}
2025-03-05T09:19:12.036Z  INFO 1 --- [backend] [http-nio-8080-exec-8] c.b.backend.global.jwt.JwtTokenProvider  : JwtTokenProvider.parseClaims: 토큰 검증 완료, 파싱 클레임 - {sub=user@example.com, type=accessToken, userId=1, role=USER, iat=1741166306, exp=1741169906}
2025-03-05T09:19:12.037Z  INFO 1 --- [backend] [http-nio-8080-exec-8] c.b.backend.global.jwt.JwtTokenProvider  : JwtTokenProvider.getUserEmail: 토큰 기반 회원 구별 정보(email) 추출 완료 - user@example.com
2025-03-05T09:19:12.037Z  INFO 1 --- [backend] [http-nio-8080-exec-8] c.b.b.g.jwt.CustomUserDetailsService     : UserDetailsService.loadUserByUsername: username - user@example.com
2025-03-05T09:19:12.043Z  INFO 1 --- [backend] [http-nio-8080-exec-8] c.b.b.g.jwt.CustomUserDetailsService     : UserDetailsService.loadUserByUsername: username - user@example.com
2025-03-05T09:19:12.044Z  INFO 1 --- [backend] [http-nio-8080-exec-8] c.b.backend.global.jwt.JwtTokenProvider  : JwtTokenProvider.getAuthentication:  userDetails 가져옴 - user@example.com
2025-03-05T09:19:21.368Z  INFO 1 --- [backend] [http-nio-8080-exec-5] c.b.backend.global.jwt.JwtTokenProvider  : JwtTokenProvider.resolveToken: 토큰 분리 eyJhbGciOiJIUzI1NiJ9.eyJzdWIiOiJ1c2VyQGV4YW1wbGUuY29tIiwidHlwZSI6ImFjY2Vzc1Rva2VuIiwidXNlcklkIjoxLCJyb2xlIjoiVVNFUiIsImlhdCI6MTc0MTE2NjMwNiwiZXhwIjoxNzQxMTY5OTA2fQ.CphX3A1Xn_0nHHpwuZ8aO9ozcuZjbudPYsH3UP5TwGQ
2025-03-05T09:19:21.382Z  INFO 1 --- [backend] [http-nio-8080-exec-5] c.b.backend.global.jwt.JwtTokenProvider  : JwtTokenProvider.parseClaims: 토큰 검증 완료, 파싱 클레임 - {sub=user@example.com, type=accessToken, userId=1, role=USER, iat=1741166306, exp=1741169906}
2025-03-05T09:19:21.400Z  INFO 1 --- [backend] [http-nio-8080-exec-5] c.b.backend.global.jwt.JwtTokenProvider  : JwtTokenProvider.parseClaims: 토큰 검증 완료, 파싱 클레임 - {sub=user@example.com, type=accessToken, userId=1, role=USER, iat=1741166306, exp=1741169906}
2025-03-05T09:19:21.402Z  INFO 1 --- [backend] [http-nio-8080-exec-5] c.b.backend.global.jwt.JwtTokenProvider  : JwtTokenProvider.getUserEmail: 토큰 기반 회원 구별 정보(email) 추출 완료 - user@example.com
2025-03-05T09:19:21.404Z  INFO 1 --- [backend] [http-nio-8080-exec-5] c.b.b.g.jwt.CustomUserDetailsService     : UserDetailsService.loadUserByUsername: username - user@example.com
2025-03-05T09:19:21.421Z  INFO 1 --- [backend] [http-nio-8080-exec-5] c.b.b.g.jwt.CustomUserDetailsService     : UserDetailsService.loadUserByUsername: username - user@example.com
2025-03-05T09:19:21.423Z  INFO 1 --- [backend] [http-nio-8080-exec-5] c.b.backend.global.jwt.JwtTokenProvider  : JwtTokenProvider.getAuthentication:  userDetails 가져옴 - user@example.com
2025-03-05T09:19:21.426Z  INFO 1 --- [backend] [http-nio-8080-exec-5] c.b.backend.global.jwt.JwtTokenProvider  : JwtTokenProvider.resolveToken: 토큰 분리 eyJhbGciOiJIUzI1NiJ9.eyJzdWIiOiJ1c2VyQGV4YW1wbGUuY29tIiwidHlwZSI6ImFjY2Vzc1Rva2VuIiwidXNlcklkIjoxLCJyb2xlIjoiVVNFUiIsImlhdCI6MTc0MTE2NjMwNiwiZXhwIjoxNzQxMTY5OTA2fQ.CphX3A1Xn_0nHHpwuZ8aO9ozcuZjbudPYsH3UP5TwGQ
2025-03-05T09:19:21.431Z  INFO 1 --- [backend] [http-nio-8080-exec-5] c.b.backend.global.jwt.JwtTokenProvider  : JwtTokenProvider.parseClaims: 토큰 검증 완료, 파싱 클레임 - {sub=user@example.com, type=accessToken, userId=1, role=USER, iat=1741166306, exp=1741169906}
2025-03-05T09:19:21.437Z  INFO 1 --- [backend] [http-nio-8080-exec-5] c.b.backend.global.jwt.JwtTokenProvider  : JwtTokenProvider.parseClaims: 토큰 검증 완료, 파싱 클레임 - {sub=user@example.com, type=accessToken, userId=1, role=USER, iat=1741166306, exp=1741169906}
2025-03-05T09:19:21.440Z  INFO 1 --- [backend] [http-nio-8080-exec-5] c.b.backend.global.jwt.JwtTokenProvider  : JwtTokenProvider.getUserEmail: 토큰 기반 회원 구별 정보(email) 추출 완료 - user@example.com
2025-03-05T09:19:21.442Z  INFO 1 --- [backend] [http-nio-8080-exec-5] c.b.b.g.jwt.CustomUserDetailsService     : UserDetailsService.loadUserByUsername: username - user@example.com
2025-03-05T09:19:21.452Z  INFO 1 --- [backend] [http-nio-8080-exec-5] c.b.b.g.jwt.CustomUserDetailsService     : UserDetailsService.loadUserByUsername: username - user@example.com
2025-03-05T09:19:21.453Z  INFO 1 --- [backend] [http-nio-8080-exec-5] c.b.backend.global.jwt.JwtTokenProvider  : JwtTokenProvider.getAuthentication:  userDetails 가져옴 - user@example.com
2025-03-05T09:19:36.643Z  INFO 1 --- [backend] [SpringApplicationShutdownHook] j.LocalContainerEntityManagerFactoryBean : Closing JPA EntityManagerFactory for persistence unit 'default'
2025-03-05T09:19:36.645Z  INFO 1 --- [backend] [SpringApplicationShutdownHook] com.zaxxer.hikari.HikariDataSource       : HikariPool-1 - Shutdown initiated...
2025-03-05T09:19:36.660Z  INFO 1 --- [backend] [SpringApplicationShutdownHook] com.zaxxer.hikari.HikariDataSource       : HikariPool-1 - Shutdown completed.
2025-03-05T10:00:28.501Z  INFO 1 --- [backend] [main] c.bookmile.backend.BackendApplication    : Starting BackendApplication v0.0.1-SNAPSHOT using Java 21 with PID 1 (/app.jar started by root in /)
2025-03-05T10:00:28.518Z  INFO 1 --- [backend] [main] c.bookmile.backend.BackendApplication    : The following 1 profile is active: "oauth"
2025-03-05T10:00:40.951Z  INFO 1 --- [backend] [main] .s.d.r.c.RepositoryConfigurationDelegate : Multiple Spring Data modules found, entering strict repository configuration mode
2025-03-05T10:00:40.959Z  INFO 1 --- [backend] [main] .s.d.r.c.RepositoryConfigurationDelegate : Bootstrapping Spring Data JPA repositories in DEFAULT mode.
2025-03-05T10:00:41.504Z  INFO 1 --- [backend] [main] .RepositoryConfigurationExtensionSupport : Spring Data JPA - Could not safely identify store assignment for repository candidate interface com.bookmile.backend.global.redis.RefreshTokenRepository; If you want this repository to be a JPA repository, consider annotating your entities with one of these annotations: jakarta.persistence.Entity, jakarta.persistence.MappedSuperclass (preferred), or consider extending one of the following types with your repository: org.springframework.data.jpa.repository.JpaRepository
2025-03-05T10:00:42.903Z  INFO 1 --- [backend] [main] .s.d.r.c.RepositoryConfigurationDelegate : Finished Spring Data repository scanning in 1839 ms. Found 11 JPA repository interfaces.
2025-03-05T10:00:43.053Z  INFO 1 --- [backend] [main] .s.d.r.c.RepositoryConfigurationDelegate : Multiple Spring Data modules found, entering strict repository configuration mode
2025-03-05T10:00:43.063Z  INFO 1 --- [backend] [main] .s.d.r.c.RepositoryConfigurationDelegate : Bootstrapping Spring Data Redis repositories in DEFAULT mode.
2025-03-05T10:00:43.150Z  INFO 1 --- [backend] [main] .RepositoryConfigurationExtensionSupport : Spring Data Redis - Could not safely identify store assignment for repository candidate interface com.bookmile.backend.domain.group.repository.GroupRepository; If you want this repository to be a Redis repository, consider annotating your entities with one of these annotations: org.springframework.data.redis.core.RedisHash (preferred), or consider extending one of the following types with your repository: org.springframework.data.keyvalue.repository.KeyValueRepository
2025-03-05T10:00:43.154Z  INFO 1 --- [backend] [main] .RepositoryConfigurationExtensionSupport : Spring Data Redis - Could not safely identify store assignment for repository candidate interface com.bookmile.backend.domain.review.repository.ReviewRepository; If you want this repository to be a Redis repository, consider annotating your entities with one of these annotations: org.springframework.data.redis.core.RedisHash (preferred), or consider extending one of the following types with your repository: org.springframework.data.keyvalue.repository.KeyValueRepository
2025-03-05T10:00:43.163Z  INFO 1 --- [backend] [main] .RepositoryConfigurationExtensionSupport : Spring Data Redis - Could not safely identify store assignment for repository candidate interface com.bookmile.backend.domain.review.service.ReviewBookRepository; If you want this repository to be a Redis repository, consider annotating your entities with one of these annotations: org.springframework.data.redis.core.RedisHash (preferred), or consider extending one of the following types with your repository: org.springframework.data.keyvalue.repository.KeyValueRepository
2025-03-05T10:00:43.166Z  INFO 1 --- [backend] [main] .RepositoryConfigurationExtensionSupport : Spring Data Redis - Could not safely identify store assignment for repository candidate interface com.bookmile.backend.domain.book.repository.BookRepository; If you want this repository to be a Redis repository, consider annotating your entities with one of these annotations: org.springframework.data.redis.core.RedisHash (preferred), or consider extending one of the following types with your repository: org.springframework.data.keyvalue.repository.KeyValueRepository
2025-03-05T10:00:43.169Z  INFO 1 --- [backend] [main] .RepositoryConfigurationExtensionSupport : Spring Data Redis - Could not safely identify store assignment for repository candidate interface com.bookmile.backend.domain.record.repository.RecordRepository; If you want this repository to be a Redis repository, consider annotating your entities with one of these annotations: org.springframework.data.redis.core.RedisHash (preferred), or consider extending one of the following types with your repository: org.springframework.data.keyvalue.repository.KeyValueRepository
2025-03-05T10:00:43.174Z  INFO 1 --- [backend] [main] .RepositoryConfigurationExtensionSupport : Spring Data Redis - Could not safely identify store assignment for repository candidate interface com.bookmile.backend.domain.record.service.RecordGroupRepository; If you want this repository to be a Redis repository, consider annotating your entities with one of these annotations: org.springframework.data.redis.core.RedisHash (preferred), or consider extending one of the following types with your repository: org.springframework.data.keyvalue.repository.KeyValueRepository
2025-03-05T10:00:43.199Z  INFO 1 --- [backend] [main] .RepositoryConfigurationExtensionSupport : Spring Data Redis - Could not safely identify store assignment for repository candidate interface com.bookmile.backend.domain.user.repository.UserOAuthRepository; If you want this repository to be a Redis repository, consider annotating your entities with one of these annotations: org.springframework.data.redis.core.RedisHash (preferred), or consider extending one of the following types with your repository: org.springframework.data.keyvalue.repository.KeyValueRepository
2025-03-05T10:00:43.212Z  INFO 1 --- [backend] [main] .RepositoryConfigurationExtensionSupport : Spring Data Redis - Could not safely identify store assignment for repository candidate interface com.bookmile.backend.domain.user.repository.UserRepository; If you want this repository to be a Redis repository, consider annotating your entities with one of these annotations: org.springframework.data.redis.core.RedisHash (preferred), or consider extending one of the following types with your repository: org.springframework.data.keyvalue.repository.KeyValueRepository
2025-03-05T10:00:43.233Z  INFO 1 --- [backend] [main] .RepositoryConfigurationExtensionSupport : Spring Data Redis - Could not safely identify store assignment for repository candidate interface com.bookmile.backend.domain.image.repository.ImageRepository; If you want this repository to be a Redis repository, consider annotating your entities with one of these annotations: org.springframework.data.redis.core.RedisHash (preferred), or consider extending one of the following types with your repository: org.springframework.data.keyvalue.repository.KeyValueRepository
2025-03-05T10:00:43.237Z  INFO 1 --- [backend] [main] .RepositoryConfigurationExtensionSupport : Spring Data Redis - Could not safely identify store assignment for repository candidate interface com.bookmile.backend.domain.userGroup.repository.UserGroupRepository; If you want this repository to be a Redis repository, consider annotating your entities with one of these annotations: org.springframework.data.redis.core.RedisHash (preferred), or consider extending one of the following types with your repository: org.springframework.data.keyvalue.repository.KeyValueRepository
2025-03-05T10:00:43.239Z  INFO 1 --- [backend] [main] .RepositoryConfigurationExtensionSupport : Spring Data Redis - Could not safely identify store assignment for repository candidate interface com.bookmile.backend.domain.template.repository.TemplateRepository; If you want this repository to be a Redis repository, consider annotating your entities with one of these annotations: org.springframework.data.redis.core.RedisHash (preferred), or consider extending one of the following types with your repository: org.springframework.data.keyvalue.repository.KeyValueRepository
2025-03-05T10:00:43.275Z  INFO 1 --- [backend] [main] .s.d.r.c.RepositoryConfigurationDelegate : Finished Spring Data repository scanning in 163 ms. Found 1 Redis repository interface.
2025-03-05T10:00:50.979Z  INFO 1 --- [backend] [main] o.s.b.w.embedded.tomcat.TomcatWebServer  : Tomcat initialized with port 8080 (http)
2025-03-05T10:00:51.077Z  INFO 1 --- [backend] [main] o.apache.catalina.core.StandardService   : Starting service [Tomcat]
2025-03-05T10:00:51.086Z  INFO 1 --- [backend] [main] o.apache.catalina.core.StandardEngine    : Starting Servlet engine: [Apache Tomcat/10.1.31]
2025-03-05T10:00:51.396Z  INFO 1 --- [backend] [main] o.a.c.c.C.[Tomcat].[localhost].[/]       : Initializing Spring embedded WebApplicationContext
2025-03-05T10:00:51.401Z  INFO 1 --- [backend] [main] w.s.c.ServletWebServerApplicationContext : Root WebApplicationContext: initialization completed in 22393 ms
2025-03-05T10:00:53.790Z  INFO 1 --- [backend] [main] o.hibernate.jpa.internal.util.LogHelper  : HHH000204: Processing PersistenceUnitInfo [name: default]
2025-03-05T10:00:54.307Z  INFO 1 --- [backend] [main] org.hibernate.Version                    : HHH000412: Hibernate ORM core version 6.5.3.Final
2025-03-05T10:00:54.822Z  INFO 1 --- [backend] [main] o.h.c.internal.RegionFactoryInitiator    : HHH000026: Second-level cache disabled
2025-03-05T10:00:57.231Z  INFO 1 --- [backend] [main] o.s.o.j.p.SpringPersistenceUnitInfo      : No LoadTimeWeaver setup: ignoring JPA class transformer
2025-03-05T10:00:57.417Z  INFO 1 --- [backend] [main] com.zaxxer.hikari.HikariDataSource       : HikariPool-1 - Starting...
2025-03-05T10:00:59.236Z  INFO 1 --- [backend] [main] com.zaxxer.hikari.pool.HikariPool        : HikariPool-1 - Added connection com.mysql.cj.jdbc.ConnectionImpl@5e9671e6
2025-03-05T10:00:59.260Z  INFO 1 --- [backend] [main] com.zaxxer.hikari.HikariDataSource       : HikariPool-1 - Start completed.
2025-03-05T10:00:59.637Z  WARN 1 --- [backend] [main] org.hibernate.orm.deprecation            : HHH90000025: MySQL8Dialect does not need to be specified explicitly using 'hibernate.dialect' (remove the property setting and it will be selected by default)
2025-03-05T10:00:59.653Z  WARN 1 --- [backend] [main] org.hibernate.orm.deprecation            : HHH90000026: MySQL8Dialect has been deprecated; use org.hibernate.dialect.MySQLDialect instead
2025-03-05T10:00:59.959Z DEBUG 1 --- [backend] [main] o.h.t.d.sql.spi.DdlTypeRegistry          : addDescriptor(12, org.hibernate.type.descriptor.sql.internal.CapacityDependentDdlType@77972964) replaced previous registration(org.hibernate.type.descriptor.sql.internal.CapacityDependentDdlType@794f937a)
2025-03-05T10:00:59.964Z DEBUG 1 --- [backend] [main] o.h.t.d.sql.spi.DdlTypeRegistry          : addDescriptor(-9, org.hibernate.type.descriptor.sql.internal.CapacityDependentDdlType@7aa1fb0e) replaced previous registration(org.hibernate.type.descriptor.sql.internal.CapacityDependentDdlType@5e663ab)
2025-03-05T10:00:59.978Z DEBUG 1 --- [backend] [main] o.h.t.d.sql.spi.DdlTypeRegistry          : addDescriptor(-3, org.hibernate.type.descriptor.sql.internal.CapacityDependentDdlType@4b74a67a) replaced previous registration(org.hibernate.type.descriptor.sql.internal.CapacityDependentDdlType@4e25282d)
2025-03-05T10:00:59.984Z DEBUG 1 --- [backend] [main] o.h.t.d.sql.spi.DdlTypeRegistry          : addDescriptor(4003, org.hibernate.type.descriptor.sql.internal.DdlTypeImpl@3b29d36c) replaced previous registration(org.hibernate.type.descriptor.sql.internal.DdlTypeImpl@d641499)
2025-03-05T10:00:59.987Z DEBUG 1 --- [backend] [main] o.h.t.d.sql.spi.DdlTypeRegistry          : addDescriptor(4001, org.hibernate.type.descriptor.sql.internal.DdlTypeImpl@634d3439) replaced previous registration(org.hibernate.type.descriptor.sql.internal.DdlTypeImpl@44e0c3d)
2025-03-05T10:00:59.993Z DEBUG 1 --- [backend] [main] o.h.t.d.sql.spi.DdlTypeRegistry          : addDescriptor(4002, org.hibernate.type.descriptor.sql.internal.DdlTypeImpl@71891d6b) replaced previous registration(org.hibernate.type.descriptor.sql.internal.DdlTypeImpl@5ce41f1f)
2025-03-05T10:01:00.005Z DEBUG 1 --- [backend] [main] o.h.t.d.sql.spi.DdlTypeRegistry          : addDescriptor(2004, org.hibernate.type.descriptor.sql.internal.CapacityDependentDdlType@56820446) replaced previous registration(org.hibernate.type.descriptor.sql.internal.DdlTypeImpl@2259d54f)
2025-03-05T10:01:00.020Z DEBUG 1 --- [backend] [main] o.h.t.d.sql.spi.DdlTypeRegistry          : addDescriptor(2005, org.hibernate.type.descriptor.sql.internal.CapacityDependentDdlType@1b82f62a) replaced previous registration(org.hibernate.type.descriptor.sql.internal.DdlTypeImpl@67e21ea2)
2025-03-05T10:01:00.024Z DEBUG 1 --- [backend] [main] o.h.t.d.sql.spi.DdlTypeRegistry          : addDescriptor(2011, org.hibernate.type.descriptor.sql.internal.CapacityDependentDdlType@2184962c) replaced previous registration(org.hibernate.type.descriptor.sql.internal.DdlTypeImpl@4d9bccfe)
2025-03-05T10:01:07.045Z  INFO 1 --- [backend] [main] o.h.e.t.j.p.i.JtaPlatformInitiator       : HHH000489: No JTA platform available (set 'hibernate.transaction.jta.platform' to enable JTA platform integration)
2025-03-05T10:01:07.811Z  INFO 1 --- [backend] [main] j.LocalContainerEntityManagerFactoryBean : Initialized JPA EntityManagerFactory for persistence unit 'default'
2025-03-05T10:01:10.101Z  INFO 1 --- [backend] [main] o.s.d.j.r.query.QueryEnhancerFactory     : Hibernate is in classpath; If applicable, HQL parser will be used.
2025-03-05T10:01:14.908Z  INFO 1 --- [backend] [main] c.b.b.global.oauth.OAuth2UnlinkService   : kakao admin-key : f7827e5bb4a42fd97f6226837a0fa99e
2025-03-05T10:01:25.707Z  WARN 1 --- [backend] [main] JpaBaseConfiguration$JpaWebConfiguration : spring.jpa.open-in-view is enabled by default. Therefore, database queries may be performed during view rendering. Explicitly configure spring.jpa.open-in-view to disable this warning
2025-03-05T10:01:25.875Z  INFO 1 --- [backend] [main] r$InitializeUserDetailsManagerConfigurer : Global AuthenticationManager configured with UserDetailsService bean with name customUserDetailsService
2025-03-05T10:01:28.205Z  INFO 1 --- [backend] [main] o.s.b.a.e.web.EndpointLinksResolver      : Exposing 4 endpoints beneath base path '/actuator'
2025-03-05T10:01:29.196Z  WARN 1 --- [backend] [main] o.s.s.c.a.web.builders.WebSecurity       : You are asking Spring Security to ignore Deferred [Mvc [pattern='/swagger-ui/**'], Ant [pattern='/swagger-ui/**']]. This is not recommended -- please use permitAll via HttpSecurity#authorizeHttpRequests instead.
2025-03-05T10:01:29.210Z  WARN 1 --- [backend] [main] o.s.s.c.a.web.builders.WebSecurity       : You are asking Spring Security to ignore Deferred [Mvc [pattern='/v3/api-docs/**'], Ant [pattern='/v3/api-docs/**']]. This is not recommended -- please use permitAll via HttpSecurity#authorizeHttpRequests instead.
2025-03-05T10:01:29.215Z  WARN 1 --- [backend] [main] o.s.s.c.a.web.builders.WebSecurity       : You are asking Spring Security to ignore Deferred [Mvc [pattern='/error'], Ant [pattern='/error']]. This is not recommended -- please use permitAll via HttpSecurity#authorizeHttpRequests instead.
2025-03-05T10:01:29.235Z  WARN 1 --- [backend] [main] o.s.s.c.a.web.builders.WebSecurity       : You are asking Spring Security to ignore Deferred [Mvc [pattern='/favicon.ico'], Ant [pattern='/favicon.ico']]. This is not recommended -- please use permitAll via HttpSecurity#authorizeHttpRequests instead.
2025-03-05T10:01:33.148Z  INFO 1 --- [backend] [main] o.s.b.w.embedded.tomcat.TomcatWebServer  : Tomcat started on port 8080 (http) with context path '/'
2025-03-05T10:01:33.222Z  INFO 1 --- [backend] [main] c.bookmile.backend.BackendApplication    : Started BackendApplication in 68.78 seconds (process running for 74.731)
2025-03-05T10:01:47.926Z  INFO 1 --- [backend] [http-nio-8080-exec-1] o.a.c.c.C.[Tomcat].[localhost].[/]       : Initializing Spring DispatcherServlet 'dispatcherServlet'
2025-03-05T10:01:47.928Z  INFO 1 --- [backend] [http-nio-8080-exec-1] o.s.web.servlet.DispatcherServlet        : Initializing Servlet 'dispatcherServlet'
2025-03-05T10:01:47.941Z  INFO 1 --- [backend] [http-nio-8080-exec-1] o.s.web.servlet.DispatcherServlet        : Completed initialization in 12 ms
2025-03-05T10:04:46.676Z  INFO 1 --- [backend] [http-nio-8080-exec-1] o.springdoc.api.AbstractOpenApiResource  : Init duration for springdoc-openapi is: 1093 ms
2025-03-05T10:05:17.584Z  INFO 1 --- [backend] [http-nio-8080-exec-1] c.b.backend.global.jwt.JwtTokenProvider  : JwtTokenProvider.resolveToken: 토큰 분리 eyJhbGciOiJIUzI1NiJ9.eyJzdWIiOiJ1c2VyQGV4YW1wbGUuY29tIiwidHlwZSI6ImFjY2Vzc1Rva2VuIiwidXNlcklkIjoxLCJyb2xlIjoiVVNFUiIsImlhdCI6MTc0MTE2OTA5OCwiZXhwIjoxNzQxMTcyNjk4fQ.SYNxcTRHX6X4NFoDp3m6Q_yNXXWwRY2sPYBXDqWmXy0
2025-03-05T10:05:17.607Z  INFO 1 --- [backend] [http-nio-8080-exec-1] c.b.backend.global.jwt.JwtTokenProvider  : JwtTokenProvider.parseClaims: 토큰 검증 완료, 파싱 클레임 - {sub=user@example.com, type=accessToken, userId=1, role=USER, iat=1741169098, exp=1741172698}
2025-03-05T10:05:17.610Z  INFO 1 --- [backend] [http-nio-8080-exec-1] c.b.backend.global.jwt.JwtTokenProvider  : JwtTokenProvider.parseClaims: 토큰 검증 완료, 파싱 클레임 - {sub=user@example.com, type=accessToken, userId=1, role=USER, iat=1741169098, exp=1741172698}
2025-03-05T10:05:17.611Z  INFO 1 --- [backend] [http-nio-8080-exec-1] c.b.backend.global.jwt.JwtTokenProvider  : JwtTokenProvider.getUserEmail: 토큰 기반 회원 구별 정보(email) 추출 완료 - user@example.com
2025-03-05T10:05:17.613Z  INFO 1 --- [backend] [http-nio-8080-exec-1] c.b.b.g.jwt.CustomUserDetailsService     : UserDetailsService.loadUserByUsername: username - user@example.com
2025-03-05T10:05:17.657Z  INFO 1 --- [backend] [http-nio-8080-exec-1] c.b.b.g.jwt.CustomUserDetailsService     : UserDetailsService.loadUserByUsername: username - user@example.com
2025-03-05T10:05:17.658Z  INFO 1 --- [backend] [http-nio-8080-exec-1] c.b.backend.global.jwt.JwtTokenProvider  : JwtTokenProvider.getAuthentication:  userDetails 가져옴 - user@example.com
2025-03-05T10:05:17.661Z  INFO 1 --- [backend] [http-nio-8080-exec-1] c.b.backend.global.jwt.JwtTokenProvider  : JwtTokenProvider.resolveToken: 토큰 분리 eyJhbGciOiJIUzI1NiJ9.eyJzdWIiOiJ1c2VyQGV4YW1wbGUuY29tIiwidHlwZSI6ImFjY2Vzc1Rva2VuIiwidXNlcklkIjoxLCJyb2xlIjoiVVNFUiIsImlhdCI6MTc0MTE2OTA5OCwiZXhwIjoxNzQxMTcyNjk4fQ.SYNxcTRHX6X4NFoDp3m6Q_yNXXWwRY2sPYBXDqWmXy0
2025-03-05T10:05:17.664Z  INFO 1 --- [backend] [http-nio-8080-exec-1] c.b.backend.global.jwt.JwtTokenProvider  : JwtTokenProvider.parseClaims: 토큰 검증 완료, 파싱 클레임 - {sub=user@example.com, type=accessToken, userId=1, role=USER, iat=1741169098, exp=1741172698}
2025-03-05T10:05:17.669Z  INFO 1 --- [backend] [http-nio-8080-exec-1] c.b.backend.global.jwt.JwtTokenProvider  : JwtTokenProvider.parseClaims: 토큰 검증 완료, 파싱 클레임 - {sub=user@example.com, type=accessToken, userId=1, role=USER, iat=1741169098, exp=1741172698}
2025-03-05T10:05:17.670Z  INFO 1 --- [backend] [http-nio-8080-exec-1] c.b.backend.global.jwt.JwtTokenProvider  : JwtTokenProvider.getUserEmail: 토큰 기반 회원 구별 정보(email) 추출 완료 - user@example.com
2025-03-05T10:05:17.671Z  INFO 1 --- [backend] [http-nio-8080-exec-1] c.b.b.g.jwt.CustomUserDetailsService     : UserDetailsService.loadUserByUsername: username - user@example.com
2025-03-05T10:05:17.677Z  INFO 1 --- [backend] [http-nio-8080-exec-1] c.b.b.g.jwt.CustomUserDetailsService     : UserDetailsService.loadUserByUsername: username - user@example.com
2025-03-05T10:05:17.678Z  INFO 1 --- [backend] [http-nio-8080-exec-1] c.b.backend.global.jwt.JwtTokenProvider  : JwtTokenProvider.getAuthentication:  userDetails 가져옴 - user@example.com
2025-03-05T10:05:26.312Z  INFO 1 --- [backend] [http-nio-8080-exec-5] c.b.backend.global.jwt.JwtTokenProvider  : JwtTokenProvider.resolveToken: 토큰 분리 eyJhbGciOiJIUzI1NiJ9.eyJzdWIiOiJ1c2VyQGV4YW1wbGUuY29tIiwidHlwZSI6ImFjY2Vzc1Rva2VuIiwidXNlcklkIjoxLCJyb2xlIjoiVVNFUiIsImlhdCI6MTc0MTE2OTA5OCwiZXhwIjoxNzQxMTcyNjk4fQ.SYNxcTRHX6X4NFoDp3m6Q_yNXXWwRY2sPYBXDqWmXy0
2025-03-05T10:05:26.318Z  INFO 1 --- [backend] [http-nio-8080-exec-5] c.b.backend.global.jwt.JwtTokenProvider  : JwtTokenProvider.parseClaims: 토큰 검증 완료, 파싱 클레임 - {sub=user@example.com, type=accessToken, userId=1, role=USER, iat=1741169098, exp=1741172698}
2025-03-05T10:05:26.325Z  INFO 1 --- [backend] [http-nio-8080-exec-5] c.b.backend.global.jwt.JwtTokenProvider  : JwtTokenProvider.parseClaims: 토큰 검증 완료, 파싱 클레임 - {sub=user@example.com, type=accessToken, userId=1, role=USER, iat=1741169098, exp=1741172698}
2025-03-05T10:05:26.326Z  INFO 1 --- [backend] [http-nio-8080-exec-5] c.b.backend.global.jwt.JwtTokenProvider  : JwtTokenProvider.getUserEmail: 토큰 기반 회원 구별 정보(email) 추출 완료 - user@example.com
2025-03-05T10:05:26.327Z  INFO 1 --- [backend] [http-nio-8080-exec-5] c.b.b.g.jwt.CustomUserDetailsService     : UserDetailsService.loadUserByUsername: username - user@example.com
2025-03-05T10:05:26.339Z  INFO 1 --- [backend] [http-nio-8080-exec-5] c.b.b.g.jwt.CustomUserDetailsService     : UserDetailsService.loadUserByUsername: username - user@example.com
2025-03-05T10:05:26.340Z  INFO 1 --- [backend] [http-nio-8080-exec-5] c.b.backend.global.jwt.JwtTokenProvider  : JwtTokenProvider.getAuthentication:  userDetails 가져옴 - user@example.com
2025-03-05T10:05:26.342Z  INFO 1 --- [backend] [http-nio-8080-exec-5] c.b.backend.global.jwt.JwtTokenProvider  : JwtTokenProvider.resolveToken: 토큰 분리 eyJhbGciOiJIUzI1NiJ9.eyJzdWIiOiJ1c2VyQGV4YW1wbGUuY29tIiwidHlwZSI6ImFjY2Vzc1Rva2VuIiwidXNlcklkIjoxLCJyb2xlIjoiVVNFUiIsImlhdCI6MTc0MTE2OTA5OCwiZXhwIjoxNzQxMTcyNjk4fQ.SYNxcTRHX6X4NFoDp3m6Q_yNXXWwRY2sPYBXDqWmXy0
2025-03-05T10:05:26.345Z  INFO 1 --- [backend] [http-nio-8080-exec-5] c.b.backend.global.jwt.JwtTokenProvider  : JwtTokenProvider.parseClaims: 토큰 검증 완료, 파싱 클레임 - {sub=user@example.com, type=accessToken, userId=1, role=USER, iat=1741169098, exp=1741172698}
2025-03-05T10:05:26.348Z  INFO 1 --- [backend] [http-nio-8080-exec-5] c.b.backend.global.jwt.JwtTokenProvider  : JwtTokenProvider.parseClaims: 토큰 검증 완료, 파싱 클레임 - {sub=user@example.com, type=accessToken, userId=1, role=USER, iat=1741169098, exp=1741172698}
2025-03-05T10:05:26.349Z  INFO 1 --- [backend] [http-nio-8080-exec-5] c.b.backend.global.jwt.JwtTokenProvider  : JwtTokenProvider.getUserEmail: 토큰 기반 회원 구별 정보(email) 추출 완료 - user@example.com
2025-03-05T10:05:26.352Z  INFO 1 --- [backend] [http-nio-8080-exec-5] c.b.b.g.jwt.CustomUserDetailsService     : UserDetailsService.loadUserByUsername: username - user@example.com
2025-03-05T10:05:26.359Z  INFO 1 --- [backend] [http-nio-8080-exec-5] c.b.b.g.jwt.CustomUserDetailsService     : UserDetailsService.loadUserByUsername: username - user@example.com
2025-03-05T10:05:26.360Z  INFO 1 --- [backend] [http-nio-8080-exec-5] c.b.backend.global.jwt.JwtTokenProvider  : JwtTokenProvider.getAuthentication:  userDetails 가져옴 - user@example.com
2025-03-05T10:05:38.221Z  INFO 1 --- [backend] [SpringApplicationShutdownHook] j.LocalContainerEntityManagerFactoryBean : Closing JPA EntityManagerFactory for persistence unit 'default'
2025-03-05T10:05:38.238Z  INFO 1 --- [backend] [SpringApplicationShutdownHook] com.zaxxer.hikari.HikariDataSource       : HikariPool-1 - Shutdown initiated...
2025-03-05T10:05:38.314Z  INFO 1 --- [backend] [SpringApplicationShutdownHook] com.zaxxer.hikari.HikariDataSource       : HikariPool-1 - Shutdown completed.
